This file contains any messages produced by compilers while
running configure, to aid debugging if configure makes a mistake.

It was created by tslib configure 0.0.2, which was
generated by GNU Autoconf 2.63.  Invocation command line was

  $ ./configure --host=arm-linux ac_cv_func_malloc_0_nonnull=yes --prefix=/usr/local/arm/tslib CC=/opt/buildroot-2012.08/arm920t/usr/bin/arm-linux-gcc

## --------- ##
## Platform. ##
## --------- ##

hostname = centos.localdomain
uname -m = i686
uname -r = 2.6.32-573.el6.i686
uname -s = Linux
uname -v = #1 SMP Thu Jul 23 12:37:35 UTC 2015

/usr/bin/uname -p = unknown
/bin/uname -X     = unknown

/bin/arch              = i686
/usr/bin/arch -k       = unknown
/usr/convex/getsysinfo = unknown
/usr/bin/hostinfo      = unknown
/bin/machine           = unknown
/usr/bin/oslevel       = unknown
/bin/universe          = unknown

PATH: /sbin
PATH: /bin
PATH: /usr/sbin
PATH: /usr/bin


## ----------- ##
## Core tests. ##
## ----------- ##

configure:2157: checking for a BSD-compatible install
configure:2225: result: /usr/bin/install -c
configure:2236: checking whether build environment is sane
configure:2296: result: yes
configure:2345: checking for arm-linux-strip
configure:2375: result: no
configure:2385: checking for strip
configure:2401: found /usr/bin/strip
configure:2412: result: strip
configure:2437: checking for a thread-safe mkdir -p
configure:2476: result: /bin/mkdir -p
configure:2489: checking for gawk
configure:2505: found /bin/gawk
configure:2516: result: gawk
configure:2527: checking whether make sets $(MAKE)
configure:2549: result: yes
configure:2660: checking for arm-linux-g++
configure:2690: result: no
configure:2660: checking for arm-linux-c++
configure:2690: result: no
configure:2660: checking for arm-linux-gpp
configure:2690: result: no
configure:2660: checking for arm-linux-aCC
configure:2690: result: no
configure:2660: checking for arm-linux-CC
configure:2690: result: no
configure:2660: checking for arm-linux-cxx
configure:2690: result: no
configure:2660: checking for arm-linux-cc++
configure:2690: result: no
configure:2660: checking for arm-linux-cl.exe
configure:2690: result: no
configure:2660: checking for arm-linux-FCC
configure:2690: result: no
configure:2660: checking for arm-linux-KCC
configure:2690: result: no
configure:2660: checking for arm-linux-RCC
configure:2690: result: no
configure:2660: checking for arm-linux-xlC_r
configure:2690: result: no
configure:2660: checking for arm-linux-xlC
configure:2690: result: no
configure:2704: checking for g++
configure:2720: found /usr/bin/g++
configure:2731: result: g++
configure:2758: checking for C++ compiler version
configure:2766: g++ --version >&5
g++ (GCC) 4.4.7 20120313 (Red Hat 4.4.7-16)
Copyright (C) 2010 Free Software Foundation, Inc.
This is free software; see the source for copying conditions.  There is NO
warranty; not even for MERCHANTABILITY or FITNESS FOR A PARTICULAR PURPOSE.

configure:2770: $? = 0
configure:2777: g++ -v >&5
Using built-in specs.
Target: i686-redhat-linux
Configured with: ../configure --prefix=/usr --mandir=/usr/share/man --infodir=/usr/share/info --with-bugurl=http://bugzilla.redhat.com/bugzilla --enable-bootstrap --enable-shared --enable-threads=posix --enable-checking=release --with-system-zlib --enable-__cxa_atexit --disable-libunwind-exceptions --enable-gnu-unique-object --enable-languages=c,c++,objc,obj-c++,java,fortran,ada --enable-java-awt=gtk --disable-dssi --with-java-home=/usr/lib/jvm/java-1.5.0-gcj-1.5.0.0/jre --enable-libgcj-multifile --enable-java-maintainer-mode --with-ecj-jar=/usr/share/java/eclipse-ecj.jar --disable-libjava-multilib --with-ppl --with-cloog --with-tune=generic --with-arch=i686 --build=i686-redhat-linux
Thread model: posix
gcc version 4.4.7 20120313 (Red Hat 4.4.7-16) (GCC) 
configure:2781: $? = 0
configure:2788: g++ -V >&5
g++: '-V' option must have argument
configure:2792: $? = 1
configure:2815: checking for C++ compiler default output file name
configure:2837: g++    conftest.cpp  >&5
configure:2841: $? = 0
configure:2879: result: a.out
configure:2898: checking whether the C++ compiler works
configure:2908: ./a.out
configure:2912: $? = 0
configure:2931: result: yes
configure:2938: checking whether we are cross compiling
configure:2940: result: no
configure:2943: checking for suffix of executables
configure:2950: g++ -o conftest    conftest.cpp  >&5
configure:2954: $? = 0
configure:2980: result: 
configure:2986: checking for suffix of object files
configure:3012: g++ -c   conftest.cpp >&5
configure:3016: $? = 0
configure:3041: result: o
configure:3045: checking whether we are using the GNU C++ compiler
configure:3074: g++ -c   conftest.cpp >&5
configure:3081: $? = 0
configure:3098: result: yes
configure:3107: checking whether g++ accepts -g
configure:3137: g++ -c -g  conftest.cpp >&5
configure:3144: $? = 0
configure:3245: result: yes
configure:3279: checking for style of include used by make
configure:3307: result: GNU
configure:3332: checking dependency style of g++
configure:3442: result: gcc3
configure:3465: checking for arm-linux-gcc
configure:3492: result: /opt/buildroot-2012.08/arm920t/usr/bin/arm-linux-gcc
configure:3764: checking for C compiler version
configure:3772: /opt/buildroot-2012.08/arm920t/usr/bin/arm-linux-gcc --version >&5
arm-linux-gcc (Buildroot 2012.08) 4.5.4
Copyright (C) 2010 Free Software Foundation, Inc.
This is free software; see the source for copying conditions.  There is NO
warranty; not even for MERCHANTABILITY or FITNESS FOR A PARTICULAR PURPOSE.

configure:3776: $? = 0
configure:3783: /opt/buildroot-2012.08/arm920t/usr/bin/arm-linux-gcc -v >&5
Using built-in specs.
COLLECT_GCC=/opt/buildroot-2012.08/arm920t/usr/bin/arm-linux-gcc
COLLECT_LTO_WRAPPER=/opt/buildroot-2012.08/arm920t/usr/libexec/gcc/arm-unknown-linux-uclibcgnueabi/4.5.4/lto-wrapper
Target: arm-unknown-linux-uclibcgnueabi
Configured with: /opt/buildroot-2012.08/output/toolchain/gcc-4.5.4/configure --prefix=/opt/buildroot-2012.08/arm920t/usr --build=i686-pc-linux-gnu --host=i686-pc-linux-gnu --target=arm-unknown-linux-uclibcgnueabi --enable-languages=c,c++ --with-sysroot=/opt/buildroot-2012.08/arm920t/usr/arm-unknown-linux-uclibcgnueabi/sysroot --with-build-time-tools=/opt/buildroot-2012.08/arm920t/usr/arm-unknown-linux-uclibcgnueabi/bin --disable-__cxa_atexit --enable-target-optspace --disable-libgomp --with-gnu-ld --disable-libssp --disable-multilib --enable-tls --disable-shared --with-gmp=/opt/buildroot-2012.08/arm920t/usr --with-mpfr=/opt/buildroot-2012.08/arm920t/usr --with-mpc=/opt/buildroot-2012.08/arm920t/usr --disable-nls --enable-threads --disable-decimal-float --with-float=soft --with-abi=aapcs-linux --with-arch=armv4t --with-tune=arm920t --with-pkgversion='Buildroot 2012.08' --with-bugurl=http://bugs.buildroot.net/
Thread model: posix
gcc version 4.5.4 (Buildroot 2012.08) 
configure:3787: $? = 0
configure:3794: /opt/buildroot-2012.08/arm920t/usr/bin/arm-linux-gcc -V >&5
arm-linux-gcc: '-V' option must have argument
configure:3798: $? = 1
configure:3801: checking whether we are using the GNU C compiler
configure:3830: /opt/buildroot-2012.08/arm920t/usr/bin/arm-linux-gcc -c -O2 -Wall -W  conftest.c >&5
configure:3837: $? = 0
configure:3854: result: yes
configure:3863: checking whether /opt/buildroot-2012.08/arm920t/usr/bin/arm-linux-gcc accepts -g
configure:3893: /opt/buildroot-2012.08/arm920t/usr/bin/arm-linux-gcc -c -g  conftest.c >&5
configure:3900: $? = 0
configure:4001: result: yes
configure:4018: checking for /opt/buildroot-2012.08/arm920t/usr/bin/arm-linux-gcc option to accept ISO C89
configure:4092: /opt/buildroot-2012.08/arm920t/usr/bin/arm-linux-gcc  -c -O2 -Wall -W  conftest.c >&5
configure:4099: $? = 0
configure:4122: result: none needed
configure:4142: checking dependency style of /opt/buildroot-2012.08/arm920t/usr/bin/arm-linux-gcc
configure:4252: result: gcc3
configure:4272: checking how to run the C preprocessor
configure:4312: /opt/buildroot-2012.08/arm920t/usr/bin/arm-linux-gcc -E  conftest.c
configure:4319: $? = 0
configure:4350: /opt/buildroot-2012.08/arm920t/usr/bin/arm-linux-gcc -E  conftest.c
conftest.c:10:28: fatal error: ac_nonexistent.h: No such file or directory
compilation terminated.
configure:4357: $? = 1
configure: failed program was:
| /* confdefs.h.  */
| #define PACKAGE_NAME "tslib"
| #define PACKAGE_TARNAME "tslib"
| #define PACKAGE_VERSION "0.0.2"
| #define PACKAGE_STRING "tslib 0.0.2"
| #define PACKAGE_BUGREPORT "kergoth@handhelds.org"
| #define PACKAGE "tslib"
| #define VERSION "0.0.2"
| /* end confdefs.h.  */
| #include <ac_nonexistent.h>
configure:4390: result: /opt/buildroot-2012.08/arm920t/usr/bin/arm-linux-gcc -E
configure:4419: /opt/buildroot-2012.08/arm920t/usr/bin/arm-linux-gcc -E  conftest.c
configure:4426: $? = 0
configure:4457: /opt/buildroot-2012.08/arm920t/usr/bin/arm-linux-gcc -E  conftest.c
conftest.c:10:28: fatal error: ac_nonexistent.h: No such file or directory
compilation terminated.
configure:4464: $? = 1
configure: failed program was:
| /* confdefs.h.  */
| #define PACKAGE_NAME "tslib"
| #define PACKAGE_TARNAME "tslib"
| #define PACKAGE_VERSION "0.0.2"
| #define PACKAGE_STRING "tslib 0.0.2"
| #define PACKAGE_BUGREPORT "kergoth@handhelds.org"
| #define PACKAGE "tslib"
| #define VERSION "0.0.2"
| /* end confdefs.h.  */
| #include <ac_nonexistent.h>
configure:4507: checking whether the C compiler supports -fvisibility=hidden
configure:4534: /opt/buildroot-2012.08/arm920t/usr/bin/arm-linux-gcc -c -fvisibility=hidden -O2 -Wall -W  conftest.c >&5
configure:4541: $? = 0
configure:4557: result: yes
configure:4565: checking whether to use -fvisibility=hidden
configure:4578: result: yes
configure:4601: checking for a BSD-compatible install
configure:4669: result: /usr/bin/install -c
configure:4680: checking whether ln -s works
configure:4684: result: yes
configure:4691: checking whether make sets $(MAKE)
configure:4713: result: yes
configure:4819: checking build system type
configure:4837: result: i686-pc-linux-gnu
configure:4859: checking host system type
configure:4874: result: arm-unknown-linux-gnu
configure:4896: checking for a sed that does not truncate output
configure:4962: result: /bin/sed
configure:4980: checking for grep that handles long lines and -e
configure:5040: result: /bin/grep
configure:5045: checking for egrep
configure:5109: result: /bin/grep -E
configure:5114: checking for fgrep
configure:5178: result: /bin/grep -F
configure:5213: checking for ld used by /opt/buildroot-2012.08/arm920t/usr/bin/arm-linux-gcc
configure:5280: result: /opt/buildroot-2012.08/arm920t/usr/arm-unknown-linux-uclibcgnueabi/bin/ld
configure:5289: checking if the linker (/opt/buildroot-2012.08/arm920t/usr/arm-unknown-linux-uclibcgnueabi/bin/ld) is GNU ld
configure:5304: result: yes
configure:5316: checking for BSD- or MS-compatible name lister (nm)
configure:5365: result: no
configure:5376: checking for arm-linux-dumpbin
configure:5406: result: no
configure:5376: checking for arm-linux-link
configure:5406: result: no
configure:5420: checking for dumpbin
configure:5450: result: no
configure:5420: checking for link
configure:5436: found /bin/link
configure:5447: result: link -dump -symbols
configure:5483: checking the name lister (link -dump -symbols) interface
configure:5490: /opt/buildroot-2012.08/arm920t/usr/bin/arm-linux-gcc -c -DGCC_HASCLASSVISIBILITY -O2 -Wall -W  conftest.c >&5
configure:5493: link -dump -symbols "conftest.o"
link: invalid option -- 'd'
Try `link --help' for more information.
configure:5496: output
configure:5503: result: BSD nm
configure:5507: checking the maximum length of command line arguments
configure:5627: result: 1966080
configure:5644: checking whether the shell understands some XSI constructs
configure:5654: result: yes
configure:5658: checking whether the shell understands "+="
configure:5664: result: yes
configure:5699: checking for /opt/buildroot-2012.08/arm920t/usr/arm-unknown-linux-uclibcgnueabi/bin/ld option to reload object files
configure:5706: result: -r
configure:5735: checking for arm-linux-objdump
configure:5765: result: no
configure:5775: checking for objdump
configure:5791: found /usr/bin/objdump
configure:5802: result: objdump
configure:5834: checking how to recognize dependent libraries
configure:6030: result: pass_all
configure:6050: checking for arm-linux-ar
configure:6080: result: no
configure:6090: checking for ar
configure:6106: found /usr/bin/ar
configure:6117: result: ar
configure:6155: checking for arm-linux-strip
configure:6182: result: strip
configure:6254: checking for arm-linux-ranlib
configure:6284: result: no
configure:6294: checking for ranlib
configure:6310: found /usr/bin/ranlib
configure:6321: result: ranlib
configure:6411: checking command to parse link -dump -symbols output from /opt/buildroot-2012.08/arm920t/usr/bin/arm-linux-gcc object
configure:6529: /opt/buildroot-2012.08/arm920t/usr/bin/arm-linux-gcc -c -DGCC_HASCLASSVISIBILITY -O2 -Wall -W  conftest.c >&5
configure:6532: $? = 0
configure:6536: link -dump -symbols conftest.o \| sed -n -e 's/^.*[	 ]\([BCDEGRST][BCDEGRST]*\)[	 ][	 ]*\([_A-Za-z][_A-Za-z0-9]*\)$/\1 \2 \2/p' \> conftest.nm
link: invalid option -- 'd'
Try `link --help' for more information.
configure:6539: $? = 0
cannot run sed -n -e 's/^.*[	 ]\([BCDEGRST][BCDEGRST]*\)[	 ][	 ]*\([_A-Za-z][_A-Za-z0-9]*\)$/\1 \2 \2/p'
configure:6529: /opt/buildroot-2012.08/arm920t/usr/bin/arm-linux-gcc -c -DGCC_HASCLASSVISIBILITY -O2 -Wall -W  conftest.c >&5
configure:6532: $? = 0
configure:6536: link -dump -symbols conftest.o \| sed -n -e 's/^.*[	 ]\([BCDEGRST][BCDEGRST]*\)[	 ][	 ]*_\([_A-Za-z][_A-Za-z0-9]*\)$/\1 _\2 \2/p' \> conftest.nm
link: invalid option -- 'd'
Try `link --help' for more information.
configure:6539: $? = 0
cannot run sed -n -e 's/^.*[	 ]\([BCDEGRST][BCDEGRST]*\)[	 ][	 ]*_\([_A-Za-z][_A-Za-z0-9]*\)$/\1 _\2 \2/p'
configure:6631: result: failed
configure:7496: checking for ANSI C header files
configure:7526: /opt/buildroot-2012.08/arm920t/usr/bin/arm-linux-gcc -c -DGCC_HASCLASSVISIBILITY -O2 -Wall -W  conftest.c >&5
configure:7533: $? = 0
configure:7632: /opt/buildroot-2012.08/arm920t/usr/bin/arm-linux-gcc -o conftest -DGCC_HASCLASSVISIBILITY -O2 -Wall -W   conftest.c  >&5
configure:7636: $? = 0
configure:7642: ./conftest
./configure: line 7644: ./conftest: cannot execute binary file
configure:7646: $? = 126
configure: program exited with status 126
configure: failed program was:
| /* confdefs.h.  */
| #define PACKAGE_NAME "tslib"
| #define PACKAGE_TARNAME "tslib"
| #define PACKAGE_VERSION "0.0.2"
| #define PACKAGE_STRING "tslib 0.0.2"
| #define PACKAGE_BUGREPORT "kergoth@handhelds.org"
| #define PACKAGE "tslib"
| #define VERSION "0.0.2"
| /* end confdefs.h.  */
| #include <ctype.h>
| #include <stdlib.h>
| #if ((' ' & 0x0FF) == 0x020)
| # define ISLOWER(c) ('a' <= (c) && (c) <= 'z')
| # define TOUPPER(c) (ISLOWER(c) ? 'A' + ((c) - 'a') : (c))
| #else
| # define ISLOWER(c) 		   (('a' <= (c) && (c) <= 'i') 		     || ('j' <= (c) && (c) <= 'r') 		     || ('s' <= (c) && (c) <= 'z'))
| # define TOUPPER(c) (ISLOWER(c) ? ((c) | 0x40) : (c))
| #endif
| 
| #define XOR(e, f) (((e) && !(f)) || (!(e) && (f)))
| int
| main ()
| {
|   int i;
|   for (i = 0; i < 256; i++)
|     if (XOR (islower (i), ISLOWER (i))
| 	|| toupper (i) != TOUPPER (i))
|       return 2;
|   return 0;
| }
configure:7664: result: no
configure:7688: checking for sys/types.h
configure:7709: /opt/buildroot-2012.08/arm920t/usr/bin/arm-linux-gcc -c -DGCC_HASCLASSVISIBILITY -O2 -Wall -W  conftest.c >&5
configure:7716: $? = 0
configure:7733: result: yes
configure:7688: checking for sys/stat.h
configure:7709: /opt/buildroot-2012.08/arm920t/usr/bin/arm-linux-gcc -c -DGCC_HASCLASSVISIBILITY -O2 -Wall -W  conftest.c >&5
configure:7716: $? = 0
configure:7733: result: yes
configure:7688: checking for stdlib.h
configure:7709: /opt/buildroot-2012.08/arm920t/usr/bin/arm-linux-gcc -c -DGCC_HASCLASSVISIBILITY -O2 -Wall -W  conftest.c >&5
configure:7716: $? = 0
configure:7733: result: yes
configure:7688: checking for string.h
configure:7709: /opt/buildroot-2012.08/arm920t/usr/bin/arm-linux-gcc -c -DGCC_HASCLASSVISIBILITY -O2 -Wall -W  conftest.c >&5
configure:7716: $? = 0
configure:7733: result: yes
configure:7688: checking for memory.h
configure:7709: /opt/buildroot-2012.08/arm920t/usr/bin/arm-linux-gcc -c -DGCC_HASCLASSVISIBILITY -O2 -Wall -W  conftest.c >&5
configure:7716: $? = 0
configure:7733: result: yes
configure:7688: checking for strings.h
configure:7709: /opt/buildroot-2012.08/arm920t/usr/bin/arm-linux-gcc -c -DGCC_HASCLASSVISIBILITY -O2 -Wall -W  conftest.c >&5
configure:7716: $? = 0
configure:7733: result: yes
configure:7688: checking for inttypes.h
configure:7709: /opt/buildroot-2012.08/arm920t/usr/bin/arm-linux-gcc -c -DGCC_HASCLASSVISIBILITY -O2 -Wall -W  conftest.c >&5
configure:7716: $? = 0
configure:7733: result: yes
configure:7688: checking for stdint.h
configure:7709: /opt/buildroot-2012.08/arm920t/usr/bin/arm-linux-gcc -c -DGCC_HASCLASSVISIBILITY -O2 -Wall -W  conftest.c >&5
configure:7716: $? = 0
configure:7733: result: yes
configure:7688: checking for unistd.h
configure:7709: /opt/buildroot-2012.08/arm920t/usr/bin/arm-linux-gcc -c -DGCC_HASCLASSVISIBILITY -O2 -Wall -W  conftest.c >&5
configure:7716: $? = 0
configure:7733: result: yes
configure:7751: checking for dlfcn.h
configure:7772: /opt/buildroot-2012.08/arm920t/usr/bin/arm-linux-gcc -c -DGCC_HASCLASSVISIBILITY -O2 -Wall -W  conftest.c >&5
configure:7779: $? = 0
configure:7796: result: yes
configure:7923: checking for C++ compiler version
configure:7931: g++ --version >&5
g++ (GCC) 4.4.7 20120313 (Red Hat 4.4.7-16)
Copyright (C) 2010 Free Software Foundation, Inc.
This is free software; see the source for copying conditions.  There is NO
warranty; not even for MERCHANTABILITY or FITNESS FOR A PARTICULAR PURPOSE.

configure:7935: $? = 0
configure:7942: g++ -v >&5
Using built-in specs.
Target: i686-redhat-linux
Configured with: ../configure --prefix=/usr --mandir=/usr/share/man --infodir=/usr/share/info --with-bugurl=http://bugzilla.redhat.com/bugzilla --enable-bootstrap --enable-shared --enable-threads=posix --enable-checking=release --with-system-zlib --enable-__cxa_atexit --disable-libunwind-exceptions --enable-gnu-unique-object --enable-languages=c,c++,objc,obj-c++,java,fortran,ada --enable-java-awt=gtk --disable-dssi --with-java-home=/usr/lib/jvm/java-1.5.0-gcj-1.5.0.0/jre --enable-libgcj-multifile --enable-java-maintainer-mode --with-ecj-jar=/usr/share/java/eclipse-ecj.jar --disable-libjava-multilib --with-ppl --with-cloog --with-tune=generic --with-arch=i686 --build=i686-redhat-linux
Thread model: posix
gcc version 4.4.7 20120313 (Red Hat 4.4.7-16) (GCC) 
configure:7946: $? = 0
configure:7953: g++ -V >&5
g++: '-V' option must have argument
configure:7957: $? = 1
configure:7960: checking whether we are using the GNU C++ compiler
configure:8013: result: yes
configure:8022: checking whether g++ accepts -g
configure:8160: result: yes
configure:8185: checking dependency style of g++
configure:8295: result: gcc3
configure:8318: checking how to run the C++ preprocessor
configure:8354: g++ -E  conftest.cpp
configure:8361: $? = 0
configure:8392: g++ -E  conftest.cpp
conftest.cpp:20:28: error: ac_nonexistent.h: No such file or directory
configure:8399: $? = 1
configure: failed program was:
| /* confdefs.h.  */
| #define PACKAGE_NAME "tslib"
| #define PACKAGE_TARNAME "tslib"
| #define PACKAGE_VERSION "0.0.2"
| #define PACKAGE_STRING "tslib 0.0.2"
| #define PACKAGE_BUGREPORT "kergoth@handhelds.org"
| #define PACKAGE "tslib"
| #define VERSION "0.0.2"
| #define HAVE_SYS_TYPES_H 1
| #define HAVE_SYS_STAT_H 1
| #define HAVE_STDLIB_H 1
| #define HAVE_STRING_H 1
| #define HAVE_MEMORY_H 1
| #define HAVE_STRINGS_H 1
| #define HAVE_INTTYPES_H 1
| #define HAVE_STDINT_H 1
| #define HAVE_UNISTD_H 1
| #define HAVE_DLFCN_H 1
| /* end confdefs.h.  */
| #include <ac_nonexistent.h>
configure:8432: result: g++ -E
configure:8461: g++ -E  conftest.cpp
configure:8468: $? = 0
configure:8499: g++ -E  conftest.cpp
conftest.cpp:20:28: error: ac_nonexistent.h: No such file or directory
configure:8506: $? = 1
configure: failed program was:
| /* confdefs.h.  */
| #define PACKAGE_NAME "tslib"
| #define PACKAGE_TARNAME "tslib"
| #define PACKAGE_VERSION "0.0.2"
| #define PACKAGE_STRING "tslib 0.0.2"
| #define PACKAGE_BUGREPORT "kergoth@handhelds.org"
| #define PACKAGE "tslib"
| #define VERSION "0.0.2"
| #define HAVE_SYS_TYPES_H 1
| #define HAVE_SYS_STAT_H 1
| #define HAVE_STDLIB_H 1
| #define HAVE_STRING_H 1
| #define HAVE_MEMORY_H 1
| #define HAVE_STRINGS_H 1
| #define HAVE_INTTYPES_H 1
| #define HAVE_STDINT_H 1
| #define HAVE_UNISTD_H 1
| #define HAVE_DLFCN_H 1
| /* end confdefs.h.  */
| #include <ac_nonexistent.h>
configure:8658: checking for objdir
configure:8673: result: .libs
configure:8969: checking if /opt/buildroot-2012.08/arm920t/usr/bin/arm-linux-gcc supports -fno-rtti -fno-exceptions
configure:8987: /opt/buildroot-2012.08/arm920t/usr/bin/arm-linux-gcc -c -DGCC_HASCLASSVISIBILITY -O2 -Wall -W  -fno-rtti -fno-exceptions conftest.c >&5
cc1: warning: command line option "-fno-rtti" is valid for C++/ObjC++ but not for C
configure:8991: $? = 0
configure:9004: result: no
configure:9024: checking for /opt/buildroot-2012.08/arm920t/usr/bin/arm-linux-gcc option to produce PIC
configure:9296: result: -fPIC -DPIC
configure:9308: checking if /opt/buildroot-2012.08/arm920t/usr/bin/arm-linux-gcc PIC flag -fPIC -DPIC works
configure:9326: /opt/buildroot-2012.08/arm920t/usr/bin/arm-linux-gcc -c -DGCC_HASCLASSVISIBILITY -O2 -Wall -W  -fPIC -DPIC -DPIC conftest.c >&5
configure:9330: $? = 0
configure:9343: result: yes
configure:9367: checking if /opt/buildroot-2012.08/arm920t/usr/bin/arm-linux-gcc static flag -static works
configure:9395: result: yes
configure:9410: checking if /opt/buildroot-2012.08/arm920t/usr/bin/arm-linux-gcc supports -c -o file.o
configure:9431: /opt/buildroot-2012.08/arm920t/usr/bin/arm-linux-gcc -c -DGCC_HASCLASSVISIBILITY -O2 -Wall -W  -o out/conftest2.o conftest.c >&5
configure:9435: $? = 0
configure:9457: result: yes
configure:9465: checking if /opt/buildroot-2012.08/arm920t/usr/bin/arm-linux-gcc supports -c -o file.o
configure:9512: result: yes
configure:9545: checking whether the /opt/buildroot-2012.08/arm920t/usr/bin/arm-linux-gcc linker (/opt/buildroot-2012.08/arm920t/usr/arm-unknown-linux-uclibcgnueabi/bin/ld) supports shared libraries
configure:10619: result: yes
configure:10656: checking whether -lc should be explicitly linked in
configure:10661: /opt/buildroot-2012.08/arm920t/usr/bin/arm-linux-gcc -c -DGCC_HASCLASSVISIBILITY -O2 -Wall -W  conftest.c >&5
configure:10664: $? = 0
configure:10679: /opt/buildroot-2012.08/arm920t/usr/bin/arm-linux-gcc -shared conftest.o  -v -Wl,-soname -Wl,conftest -o conftest 2\>\&1 \| /bin/grep  -lc  \>/dev/null 2\>\&1
configure:10682: $? = 0
configure:10694: result: no
configure:10858: checking dynamic linker characteristics
configure:11301: /opt/buildroot-2012.08/arm920t/usr/bin/arm-linux-gcc -o conftest -DGCC_HASCLASSVISIBILITY -O2 -Wall -W   -Wl,-rpath -Wl,/foo conftest.c  >&5
configure:11308: $? = 0
configure:11544: result: GNU/Linux ld.so
configure:11646: checking how to hardcode library paths into programs
configure:11671: result: immediate
configure:11794: checking for shl_load
configure:11850: /opt/buildroot-2012.08/arm920t/usr/bin/arm-linux-gcc -o conftest -DGCC_HASCLASSVISIBILITY -O2 -Wall -W   conftest.c  >&5
/tmp/ccB0IGXm.o: In function `main':
conftest.c:(.text+0x4): undefined reference to `shl_load'
collect2: ld returned 1 exit status
configure:11857: $? = 1
configure: failed program was:
| /* confdefs.h.  */
| #define PACKAGE_NAME "tslib"
| #define PACKAGE_TARNAME "tslib"
| #define PACKAGE_VERSION "0.0.2"
| #define PACKAGE_STRING "tslib 0.0.2"
| #define PACKAGE_BUGREPORT "kergoth@handhelds.org"
| #define PACKAGE "tslib"
| #define VERSION "0.0.2"
| #define HAVE_SYS_TYPES_H 1
| #define HAVE_SYS_STAT_H 1
| #define HAVE_STDLIB_H 1
| #define HAVE_STRING_H 1
| #define HAVE_MEMORY_H 1
| #define HAVE_STRINGS_H 1
| #define HAVE_INTTYPES_H 1
| #define HAVE_STDINT_H 1
| #define HAVE_UNISTD_H 1
| #define HAVE_DLFCN_H 1
| #define LT_OBJDIR ".libs/"
| /* end confdefs.h.  */
| /* Define shl_load to an innocuous variant, in case <limits.h> declares shl_load.
|    For example, HP-UX 11i <limits.h> declares gettimeofday.  */
| #define shl_load innocuous_shl_load
| 
| /* System header to define __stub macros and hopefully few prototypes,
|     which can conflict with char shl_load (); below.
|     Prefer <limits.h> to <assert.h> if __STDC__ is defined, since
|     <limits.h> exists even on freestanding compilers.  */
| 
| #ifdef __STDC__
| # include <limits.h>
| #else
| # include <assert.h>
| #endif
| 
| #undef shl_load
| 
| /* Override any GCC internal prototype to avoid an error.
|    Use char because int might match the return type of a GCC
|    builtin and then its argument prototype would still apply.  */
| #ifdef __cplusplus
| extern "C"
| #endif
| char shl_load ();
| /* The GNU C library defines this for functions which it implements
|     to always fail with ENOSYS.  Some functions are actually named
|     something starting with __ and the normal name is an alias.  */
| #if defined __stub_shl_load || defined __stub___shl_load
| choke me
| #endif
| 
| int
| main ()
| {
| return shl_load ();
|   ;
|   return 0;
| }
configure:11877: result: no
configure:11882: checking for shl_load in -ldld
configure:11917: /opt/buildroot-2012.08/arm920t/usr/bin/arm-linux-gcc -o conftest -DGCC_HASCLASSVISIBILITY -O2 -Wall -W   conftest.c -ldld   >&5
/opt/buildroot-2012.08/arm920t/usr/lib/gcc/arm-unknown-linux-uclibcgnueabi/4.5.4/../../../../arm-unknown-linux-uclibcgnueabi/bin/ld: cannot find -ldld
collect2: ld returned 1 exit status
configure:11924: $? = 1
configure: failed program was:
| /* confdefs.h.  */
| #define PACKAGE_NAME "tslib"
| #define PACKAGE_TARNAME "tslib"
| #define PACKAGE_VERSION "0.0.2"
| #define PACKAGE_STRING "tslib 0.0.2"
| #define PACKAGE_BUGREPORT "kergoth@handhelds.org"
| #define PACKAGE "tslib"
| #define VERSION "0.0.2"
| #define HAVE_SYS_TYPES_H 1
| #define HAVE_SYS_STAT_H 1
| #define HAVE_STDLIB_H 1
| #define HAVE_STRING_H 1
| #define HAVE_MEMORY_H 1
| #define HAVE_STRINGS_H 1
| #define HAVE_INTTYPES_H 1
| #define HAVE_STDINT_H 1
| #define HAVE_UNISTD_H 1
| #define HAVE_DLFCN_H 1
| #define LT_OBJDIR ".libs/"
| /* end confdefs.h.  */
| 
| /* Override any GCC internal prototype to avoid an error.
|    Use char because int might match the return type of a GCC
|    builtin and then its argument prototype would still apply.  */
| #ifdef __cplusplus
| extern "C"
| #endif
| char shl_load ();
| int
| main ()
| {
| return shl_load ();
|   ;
|   return 0;
| }
configure:11945: result: no
configure:11950: checking for dlopen
configure:12006: /opt/buildroot-2012.08/arm920t/usr/bin/arm-linux-gcc -o conftest -DGCC_HASCLASSVISIBILITY -O2 -Wall -W   conftest.c  >&5
/tmp/ccP3esOx.o: In function `main':
conftest.c:(.text+0x4): undefined reference to `dlopen'
collect2: ld returned 1 exit status
configure:12013: $? = 1
configure: failed program was:
| /* confdefs.h.  */
| #define PACKAGE_NAME "tslib"
| #define PACKAGE_TARNAME "tslib"
| #define PACKAGE_VERSION "0.0.2"
| #define PACKAGE_STRING "tslib 0.0.2"
| #define PACKAGE_BUGREPORT "kergoth@handhelds.org"
| #define PACKAGE "tslib"
| #define VERSION "0.0.2"
| #define HAVE_SYS_TYPES_H 1
| #define HAVE_SYS_STAT_H 1
| #define HAVE_STDLIB_H 1
| #define HAVE_STRING_H 1
| #define HAVE_MEMORY_H 1
| #define HAVE_STRINGS_H 1
| #define HAVE_INTTYPES_H 1
| #define HAVE_STDINT_H 1
| #define HAVE_UNISTD_H 1
| #define HAVE_DLFCN_H 1
| #define LT_OBJDIR ".libs/"
| /* end confdefs.h.  */
| /* Define dlopen to an innocuous variant, in case <limits.h> declares dlopen.
|    For example, HP-UX 11i <limits.h> declares gettimeofday.  */
| #define dlopen innocuous_dlopen
| 
| /* System header to define __stub macros and hopefully few prototypes,
|     which can conflict with char dlopen (); below.
|     Prefer <limits.h> to <assert.h> if __STDC__ is defined, since
|     <limits.h> exists even on freestanding compilers.  */
| 
| #ifdef __STDC__
| # include <limits.h>
| #else
| # include <assert.h>
| #endif
| 
| #undef dlopen
| 
| /* Override any GCC internal prototype to avoid an error.
|    Use char because int might match the return type of a GCC
|    builtin and then its argument prototype would still apply.  */
| #ifdef __cplusplus
| extern "C"
| #endif
| char dlopen ();
| /* The GNU C library defines this for functions which it implements
|     to always fail with ENOSYS.  Some functions are actually named
|     something starting with __ and the normal name is an alias.  */
| #if defined __stub_dlopen || defined __stub___dlopen
| choke me
| #endif
| 
| int
| main ()
| {
| return dlopen ();
|   ;
|   return 0;
| }
configure:12033: result: no
configure:12038: checking for dlopen in -ldl
configure:12073: /opt/buildroot-2012.08/arm920t/usr/bin/arm-linux-gcc -o conftest -DGCC_HASCLASSVISIBILITY -O2 -Wall -W   conftest.c -ldl   >&5
configure:12080: $? = 0
configure:12101: result: yes
configure:12278: checking whether a program can dlopen itself
configure:12348: /opt/buildroot-2012.08/arm920t/usr/bin/arm-linux-gcc -o conftest -DGCC_HASCLASSVISIBILITY -O2 -Wall -W  -DHAVE_DLFCN_H  -Wl,--export-dynamic conftest.c -ldl  >&5
configure: In function 'fnord':
configure:12329:20: warning: unused variable 'i'
configure:12351: $? = 0
configure:12369: result: no
configure:12504: checking whether stripping libraries is possible
configure:12509: result: yes
configure:12544: checking if libtool supports shared libraries
configure:12546: result: yes
configure:12549: checking whether to build shared libraries
configure:12570: result: yes
configure:12573: checking whether to build static libraries
configure:12577: result: no
configure:12727: checking for ld used by g++
configure:12794: result: /opt/buildroot-2012.08/arm920t/usr/arm-unknown-linux-uclibcgnueabi/bin/ld
configure:12803: checking if the linker (/opt/buildroot-2012.08/arm920t/usr/arm-unknown-linux-uclibcgnueabi/bin/ld) is GNU ld
configure:12818: result: yes
configure:12873: checking whether the g++ linker (/opt/buildroot-2012.08/arm920t/usr/arm-unknown-linux-uclibcgnueabi/bin/ld) supports shared libraries
configure:13848: result: yes
configure:13876: g++ -c -g -O2  conftest.cpp >&5
configure:13879: $? = 0
configure:14061: checking for g++ option to produce PIC
configure:14378: result: -fPIC -DPIC
configure:14387: checking if g++ PIC flag -fPIC -DPIC works
configure:14405: g++ -c -g -O2  -fPIC -DPIC -DPIC conftest.cpp >&5
configure:14409: $? = 0
configure:14422: result: yes
configure:14443: checking if g++ static flag -static works
configure:14471: result: yes
configure:14483: checking if g++ supports -c -o file.o
configure:14504: g++ -c -g -O2  -o out/conftest2.o conftest.cpp >&5
configure:14508: $? = 0
configure:14530: result: yes
configure:14535: checking if g++ supports -c -o file.o
configure:14582: result: yes
configure:14612: checking whether the g++ linker (/opt/buildroot-2012.08/arm920t/usr/arm-unknown-linux-uclibcgnueabi/bin/ld) supports shared libraries
configure:14638: result: yes
configure:14775: checking dynamic linker characteristics
configure:15166: g++ -o conftest -g -O2   -Wl,-rpath -Wl,/foo conftest.cpp  >&5
configure:15173: $? = 0
configure:15409: result: GNU/Linux ld.so
configure:15460: checking how to hardcode library paths into programs
configure:15485: result: immediate
configure:15546: checking for dlopen in -ldl
configure:15609: result: yes
configure:15624: checking for working alloca.h
configure:15651: /opt/buildroot-2012.08/arm920t/usr/bin/arm-linux-gcc -o conftest -DGCC_HASCLASSVISIBILITY -O2 -Wall -W   conftest.c -ldl  >&5
configure:15658: $? = 0
configure:15678: result: yes
configure:15688: checking for alloca
configure:15735: /opt/buildroot-2012.08/arm920t/usr/bin/arm-linux-gcc -o conftest -DGCC_HASCLASSVISIBILITY -O2 -Wall -W   conftest.c -ldl  >&5
configure:15742: $? = 0
configure:15762: result: yes
configure:15999: checking for ANSI C header files
configure:16167: result: no
configure:16199: checking fcntl.h usability
configure:16216: /opt/buildroot-2012.08/arm920t/usr/bin/arm-linux-gcc -c -DGCC_HASCLASSVISIBILITY -O2 -Wall -W  conftest.c >&5
configure:16223: $? = 0
configure:16237: result: yes
configure:16241: checking fcntl.h presence
configure:16256: /opt/buildroot-2012.08/arm920t/usr/bin/arm-linux-gcc -E  conftest.c
configure:16263: $? = 0
configure:16277: result: yes
configure:16310: checking for fcntl.h
configure:16319: result: yes
configure:16199: checking limits.h usability
configure:16216: /opt/buildroot-2012.08/arm920t/usr/bin/arm-linux-gcc -c -DGCC_HASCLASSVISIBILITY -O2 -Wall -W  conftest.c >&5
configure:16223: $? = 0
configure:16237: result: yes
configure:16241: checking limits.h presence
configure:16256: /opt/buildroot-2012.08/arm920t/usr/bin/arm-linux-gcc -E  conftest.c
configure:16263: $? = 0
configure:16277: result: yes
configure:16310: checking for limits.h
configure:16319: result: yes
configure:16188: checking for stdlib.h
configure:16195: result: yes
configure:16188: checking for string.h
configure:16195: result: yes
configure:16199: checking sys/ioctl.h usability
configure:16216: /opt/buildroot-2012.08/arm920t/usr/bin/arm-linux-gcc -c -DGCC_HASCLASSVISIBILITY -O2 -Wall -W  conftest.c >&5
configure:16223: $? = 0
configure:16237: result: yes
configure:16241: checking sys/ioctl.h presence
configure:16256: /opt/buildroot-2012.08/arm920t/usr/bin/arm-linux-gcc -E  conftest.c
configure:16263: $? = 0
configure:16277: result: yes
configure:16310: checking for sys/ioctl.h
configure:16319: result: yes
configure:16199: checking sys/time.h usability
configure:16216: /opt/buildroot-2012.08/arm920t/usr/bin/arm-linux-gcc -c -DGCC_HASCLASSVISIBILITY -O2 -Wall -W  conftest.c >&5
configure:16223: $? = 0
configure:16237: result: yes
configure:16241: checking sys/time.h presence
configure:16256: /opt/buildroot-2012.08/arm920t/usr/bin/arm-linux-gcc -E  conftest.c
configure:16263: $? = 0
configure:16277: result: yes
configure:16310: checking for sys/time.h
configure:16319: result: yes
configure:16188: checking for unistd.h
configure:16195: result: yes
configure:16336: checking for an ANSI C-conforming const
configure:16411: /opt/buildroot-2012.08/arm920t/usr/bin/arm-linux-gcc -c -DGCC_HASCLASSVISIBILITY -O2 -Wall -W  conftest.c >&5
conftest.c: In function 'main':
conftest.c:60:10: warning: 't' is used uninitialized in this function
configure:16418: $? = 0
configure:16433: result: yes
configure:16443: checking for inline
configure:16469: /opt/buildroot-2012.08/arm920t/usr/bin/arm-linux-gcc -c -DGCC_HASCLASSVISIBILITY -O2 -Wall -W  conftest.c >&5
configure:16476: $? = 0
configure:16494: result: inline
configure:16513: checking for size_t
configure:16541: /opt/buildroot-2012.08/arm920t/usr/bin/arm-linux-gcc -c -DGCC_HASCLASSVISIBILITY -O2 -Wall -W  conftest.c >&5
configure:16548: $? = 0
configure:16575: /opt/buildroot-2012.08/arm920t/usr/bin/arm-linux-gcc -c -DGCC_HASCLASSVISIBILITY -O2 -Wall -W  conftest.c >&5
conftest.c: In function 'main':
conftest.c:67:21: error: expected expression before ')' token
configure:16582: $? = 1
configure: failed program was:
| /* confdefs.h.  */
| #define PACKAGE_NAME "tslib"
| #define PACKAGE_TARNAME "tslib"
| #define PACKAGE_VERSION "0.0.2"
| #define PACKAGE_STRING "tslib 0.0.2"
| #define PACKAGE_BUGREPORT "kergoth@handhelds.org"
| #define PACKAGE "tslib"
| #define VERSION "0.0.2"
| #define HAVE_SYS_TYPES_H 1
| #define HAVE_SYS_STAT_H 1
| #define HAVE_STDLIB_H 1
| #define HAVE_STRING_H 1
| #define HAVE_MEMORY_H 1
| #define HAVE_STRINGS_H 1
| #define HAVE_INTTYPES_H 1
| #define HAVE_STDINT_H 1
| #define HAVE_UNISTD_H 1
| #define HAVE_DLFCN_H 1
| #define LT_OBJDIR ".libs/"
| #define HAVE_LIBDL 1
| #define HAVE_ALLOCA_H 1
| #define HAVE_ALLOCA 1
| #define HAVE_FCNTL_H 1
| #define HAVE_LIMITS_H 1
| #define HAVE_STDLIB_H 1
| #define HAVE_STRING_H 1
| #define HAVE_SYS_IOCTL_H 1
| #define HAVE_SYS_TIME_H 1
| #define HAVE_UNISTD_H 1
| /* end confdefs.h.  */
| #include <stdio.h>
| #ifdef HAVE_SYS_TYPES_H
| # include <sys/types.h>
| #endif
| #ifdef HAVE_SYS_STAT_H
| # include <sys/stat.h>
| #endif
| #ifdef STDC_HEADERS
| # include <stdlib.h>
| # include <stddef.h>
| #else
| # ifdef HAVE_STDLIB_H
| #  include <stdlib.h>
| # endif
| #endif
| #ifdef HAVE_STRING_H
| # if !defined STDC_HEADERS && defined HAVE_MEMORY_H
| #  include <memory.h>
| # endif
| # include <string.h>
| #endif
| #ifdef HAVE_STRINGS_H
| # include <strings.h>
| #endif
| #ifdef HAVE_INTTYPES_H
| # include <inttypes.h>
| #endif
| #ifdef HAVE_STDINT_H
| # include <stdint.h>
| #endif
| #ifdef HAVE_UNISTD_H
| # include <unistd.h>
| #endif
| int
| main ()
| {
| if (sizeof ((size_t)))
| 	  return 0;
|   ;
|   return 0;
| }
configure:16605: result: yes
configure:16617: checking whether time.h and sys/time.h may both be included
configure:16647: /opt/buildroot-2012.08/arm920t/usr/bin/arm-linux-gcc -c -DGCC_HASCLASSVISIBILITY -O2 -Wall -W  conftest.c >&5
configure:16654: $? = 0
configure:16669: result: yes
configure:16682: checking whether /opt/buildroot-2012.08/arm920t/usr/bin/arm-linux-gcc needs -traditional
In file included from conftest.c:32:0:
/opt/buildroot-2012.08/arm920t/usr/arm-unknown-linux-uclibcgnueabi/sysroot/usr/include/sgtty.h:22:2: warning: #warning useless header on uClibc
configure:16724: result: no
configure:16736: checking for stdlib.h
configure:16743: result: yes
configure:16882: checking for GNU libc compatible malloc
configure:16947: result: yes
configure:16981: checking for stdlib.h
configure:16988: result: yes
configure:16981: checking for unistd.h
configure:16988: result: yes
configure:17131: checking for getpagesize
configure:17187: /opt/buildroot-2012.08/arm920t/usr/bin/arm-linux-gcc -o conftest -DGCC_HASCLASSVISIBILITY -O2 -Wall -W   conftest.c -ldl  >&5
configure:17194: $? = 0
configure:17216: result: yes
configure:17228: checking for working mmap
configure:17375: /opt/buildroot-2012.08/arm920t/usr/bin/arm-linux-gcc -o conftest -DGCC_HASCLASSVISIBILITY -O2 -Wall -W   conftest.c -ldl  >&5
configure:17379: $? = 0
configure:17385: ./conftest
./configure: line 17387: ./conftest: cannot execute binary file
configure:17389: $? = 126
configure: program exited with status 126
configure: failed program was:
| /* confdefs.h.  */
| #define PACKAGE_NAME "tslib"
| #define PACKAGE_TARNAME "tslib"
| #define PACKAGE_VERSION "0.0.2"
| #define PACKAGE_STRING "tslib 0.0.2"
| #define PACKAGE_BUGREPORT "kergoth@handhelds.org"
| #define PACKAGE "tslib"
| #define VERSION "0.0.2"
| #define HAVE_SYS_TYPES_H 1
| #define HAVE_SYS_STAT_H 1
| #define HAVE_STDLIB_H 1
| #define HAVE_STRING_H 1
| #define HAVE_MEMORY_H 1
| #define HAVE_STRINGS_H 1
| #define HAVE_INTTYPES_H 1
| #define HAVE_STDINT_H 1
| #define HAVE_UNISTD_H 1
| #define HAVE_DLFCN_H 1
| #define LT_OBJDIR ".libs/"
| #define HAVE_LIBDL 1
| #define HAVE_ALLOCA_H 1
| #define HAVE_ALLOCA 1
| #define HAVE_FCNTL_H 1
| #define HAVE_LIMITS_H 1
| #define HAVE_STDLIB_H 1
| #define HAVE_STRING_H 1
| #define HAVE_SYS_IOCTL_H 1
| #define HAVE_SYS_TIME_H 1
| #define HAVE_UNISTD_H 1
| #define TIME_WITH_SYS_TIME 1
| #define HAVE_STDLIB_H 1
| #define HAVE_MALLOC 1
| #define HAVE_STDLIB_H 1
| #define HAVE_UNISTD_H 1
| #define HAVE_GETPAGESIZE 1
| /* end confdefs.h.  */
| #include <stdio.h>
| #ifdef HAVE_SYS_TYPES_H
| # include <sys/types.h>
| #endif
| #ifdef HAVE_SYS_STAT_H
| # include <sys/stat.h>
| #endif
| #ifdef STDC_HEADERS
| # include <stdlib.h>
| # include <stddef.h>
| #else
| # ifdef HAVE_STDLIB_H
| #  include <stdlib.h>
| # endif
| #endif
| #ifdef HAVE_STRING_H
| # if !defined STDC_HEADERS && defined HAVE_MEMORY_H
| #  include <memory.h>
| # endif
| # include <string.h>
| #endif
| #ifdef HAVE_STRINGS_H
| # include <strings.h>
| #endif
| #ifdef HAVE_INTTYPES_H
| # include <inttypes.h>
| #endif
| #ifdef HAVE_STDINT_H
| # include <stdint.h>
| #endif
| #ifdef HAVE_UNISTD_H
| # include <unistd.h>
| #endif
| /* malloc might have been renamed as rpl_malloc. */
| #undef malloc
| 
| /* Thanks to Mike Haertel and Jim Avera for this test.
|    Here is a matrix of mmap possibilities:
| 	mmap private not fixed
| 	mmap private fixed at somewhere currently unmapped
| 	mmap private fixed at somewhere already mapped
| 	mmap shared not fixed
| 	mmap shared fixed at somewhere currently unmapped
| 	mmap shared fixed at somewhere already mapped
|    For private mappings, we should verify that changes cannot be read()
|    back from the file, nor mmap's back from the file at a different
|    address.  (There have been systems where private was not correctly
|    implemented like the infamous i386 svr4.0, and systems where the
|    VM page cache was not coherent with the file system buffer cache
|    like early versions of FreeBSD and possibly contemporary NetBSD.)
|    For shared mappings, we should conversely verify that changes get
|    propagated back to all the places they're supposed to be.
| 
|    Grep wants private fixed already mapped.
|    The main things grep needs to know about mmap are:
|    * does it exist and is it safe to write into the mmap'd area
|    * how to use it (BSD variants)  */
| 
| #include <fcntl.h>
| #include <sys/mman.h>
| 
| #if !defined STDC_HEADERS && !defined HAVE_STDLIB_H
| char *malloc ();
| #endif
| 
| /* This mess was copied from the GNU getpagesize.h.  */
| #ifndef HAVE_GETPAGESIZE
| /* Assume that all systems that can run configure have sys/param.h.  */
| # ifndef HAVE_SYS_PARAM_H
| #  define HAVE_SYS_PARAM_H 1
| # endif
| 
| # ifdef _SC_PAGESIZE
| #  define getpagesize() sysconf(_SC_PAGESIZE)
| # else /* no _SC_PAGESIZE */
| #  ifdef HAVE_SYS_PARAM_H
| #   include <sys/param.h>
| #   ifdef EXEC_PAGESIZE
| #    define getpagesize() EXEC_PAGESIZE
| #   else /* no EXEC_PAGESIZE */
| #    ifdef NBPG
| #     define getpagesize() NBPG * CLSIZE
| #     ifndef CLSIZE
| #      define CLSIZE 1
| #     endif /* no CLSIZE */
| #    else /* no NBPG */
| #     ifdef NBPC
| #      define getpagesize() NBPC
| #     else /* no NBPC */
| #      ifdef PAGESIZE
| #       define getpagesize() PAGESIZE
| #      endif /* PAGESIZE */
| #     endif /* no NBPC */
| #    endif /* no NBPG */
| #   endif /* no EXEC_PAGESIZE */
| #  else /* no HAVE_SYS_PARAM_H */
| #   define getpagesize() 8192	/* punt totally */
| #  endif /* no HAVE_SYS_PARAM_H */
| # endif /* no _SC_PAGESIZE */
| 
| #endif /* no HAVE_GETPAGESIZE */
| 
| int
| main ()
| {
|   char *data, *data2, *data3;
|   int i, pagesize;
|   int fd;
| 
|   pagesize = getpagesize ();
| 
|   /* First, make a file with some known garbage in it. */
|   data = (char *) malloc (pagesize);
|   if (!data)
|     return 1;
|   for (i = 0; i < pagesize; ++i)
|     *(data + i) = rand ();
|   umask (0);
|   fd = creat ("conftest.mmap", 0600);
|   if (fd < 0)
|     return 1;
|   if (write (fd, data, pagesize) != pagesize)
|     return 1;
|   close (fd);
| 
|   /* Next, try to mmap the file at a fixed address which already has
|      something else allocated at it.  If we can, also make sure that
|      we see the same garbage.  */
|   fd = open ("conftest.mmap", O_RDWR);
|   if (fd < 0)
|     return 1;
|   data2 = (char *) malloc (2 * pagesize);
|   if (!data2)
|     return 1;
|   data2 += (pagesize - ((long int) data2 & (pagesize - 1))) & (pagesize - 1);
|   if (data2 != mmap (data2, pagesize, PROT_READ | PROT_WRITE,
| 		     MAP_PRIVATE | MAP_FIXED, fd, 0L))
|     return 1;
|   for (i = 0; i < pagesize; ++i)
|     if (*(data + i) != *(data2 + i))
|       return 1;
| 
|   /* Finally, make sure that changes to the mapped area do not
|      percolate back to the file as seen by read().  (This is a bug on
|      some variants of i386 svr4.0.)  */
|   for (i = 0; i < pagesize; ++i)
|     *(data2 + i) = *(data2 + i) + 1;
|   data3 = (char *) malloc (pagesize);
|   if (!data3)
|     return 1;
|   if (read (fd, data3, pagesize) != pagesize)
|     return 1;
|   for (i = 0; i < pagesize; ++i)
|     if (*(data + i) != *(data3 + i))
|       return 1;
|   close (fd);
|   return 0;
| }
configure:17406: result: no
configure:17434: checking sys/select.h usability
configure:17451: /opt/buildroot-2012.08/arm920t/usr/bin/arm-linux-gcc -c -DGCC_HASCLASSVISIBILITY -O2 -Wall -W  conftest.c >&5
configure:17458: $? = 0
configure:17472: result: yes
configure:17476: checking sys/select.h presence
configure:17491: /opt/buildroot-2012.08/arm920t/usr/bin/arm-linux-gcc -E  conftest.c
configure:17498: $? = 0
configure:17512: result: yes
configure:17545: checking for sys/select.h
configure:17554: result: yes
configure:17434: checking sys/socket.h usability
configure:17451: /opt/buildroot-2012.08/arm920t/usr/bin/arm-linux-gcc -c -DGCC_HASCLASSVISIBILITY -O2 -Wall -W  conftest.c >&5
configure:17458: $? = 0
configure:17472: result: yes
configure:17476: checking sys/socket.h presence
configure:17491: /opt/buildroot-2012.08/arm920t/usr/bin/arm-linux-gcc -E  conftest.c
configure:17498: $? = 0
configure:17512: result: yes
configure:17545: checking for sys/socket.h
configure:17554: result: yes
configure:17569: checking types of arguments for select
configure:17607: /opt/buildroot-2012.08/arm920t/usr/bin/arm-linux-gcc -c -DGCC_HASCLASSVISIBILITY -O2 -Wall -W  conftest.c >&5
configure:17614: $? = 0
configure:17635: result: int,fd_set *,struct timeval *
configure:17658: checking return type of signal handlers
configure:17686: /opt/buildroot-2012.08/arm920t/usr/bin/arm-linux-gcc -c -DGCC_HASCLASSVISIBILITY -O2 -Wall -W  conftest.c >&5
conftest.c: In function 'main':
conftest.c:48:1: error: void value not ignored as it ought to be
configure:17693: $? = 1
configure: failed program was:
| /* confdefs.h.  */
| #define PACKAGE_NAME "tslib"
| #define PACKAGE_TARNAME "tslib"
| #define PACKAGE_VERSION "0.0.2"
| #define PACKAGE_STRING "tslib 0.0.2"
| #define PACKAGE_BUGREPORT "kergoth@handhelds.org"
| #define PACKAGE "tslib"
| #define VERSION "0.0.2"
| #define HAVE_SYS_TYPES_H 1
| #define HAVE_SYS_STAT_H 1
| #define HAVE_STDLIB_H 1
| #define HAVE_STRING_H 1
| #define HAVE_MEMORY_H 1
| #define HAVE_STRINGS_H 1
| #define HAVE_INTTYPES_H 1
| #define HAVE_STDINT_H 1
| #define HAVE_UNISTD_H 1
| #define HAVE_DLFCN_H 1
| #define LT_OBJDIR ".libs/"
| #define HAVE_LIBDL 1
| #define HAVE_ALLOCA_H 1
| #define HAVE_ALLOCA 1
| #define HAVE_FCNTL_H 1
| #define HAVE_LIMITS_H 1
| #define HAVE_STDLIB_H 1
| #define HAVE_STRING_H 1
| #define HAVE_SYS_IOCTL_H 1
| #define HAVE_SYS_TIME_H 1
| #define HAVE_UNISTD_H 1
| #define TIME_WITH_SYS_TIME 1
| #define HAVE_STDLIB_H 1
| #define HAVE_MALLOC 1
| #define HAVE_STDLIB_H 1
| #define HAVE_UNISTD_H 1
| #define HAVE_GETPAGESIZE 1
| #define HAVE_SYS_SELECT_H 1
| #define HAVE_SYS_SOCKET_H 1
| #define SELECT_TYPE_ARG1 int
| #define SELECT_TYPE_ARG234 (fd_set *)
| #define SELECT_TYPE_ARG5 (struct timeval *)
| /* end confdefs.h.  */
| #include <sys/types.h>
| #include <signal.h>
| 
| int
| main ()
| {
| return *(signal (0, 0)) (0) == 1;
|   ;
|   return 0;
| }
configure:17708: result: void
configure:17716: checking whether lstat dereferences a symlink specified with a trailing slash
configure:17752: /opt/buildroot-2012.08/arm920t/usr/bin/arm-linux-gcc -o conftest -DGCC_HASCLASSVISIBILITY -O2 -Wall -W   conftest.c -ldl  >&5
configure:17756: $? = 0
configure:17762: ./conftest
./configure: line 17764: ./conftest: cannot execute binary file
configure:17766: $? = 126
configure: program exited with status 126
configure: failed program was:
| /* confdefs.h.  */
| #define PACKAGE_NAME "tslib"
| #define PACKAGE_TARNAME "tslib"
| #define PACKAGE_VERSION "0.0.2"
| #define PACKAGE_STRING "tslib 0.0.2"
| #define PACKAGE_BUGREPORT "kergoth@handhelds.org"
| #define PACKAGE "tslib"
| #define VERSION "0.0.2"
| #define HAVE_SYS_TYPES_H 1
| #define HAVE_SYS_STAT_H 1
| #define HAVE_STDLIB_H 1
| #define HAVE_STRING_H 1
| #define HAVE_MEMORY_H 1
| #define HAVE_STRINGS_H 1
| #define HAVE_INTTYPES_H 1
| #define HAVE_STDINT_H 1
| #define HAVE_UNISTD_H 1
| #define HAVE_DLFCN_H 1
| #define LT_OBJDIR ".libs/"
| #define HAVE_LIBDL 1
| #define HAVE_ALLOCA_H 1
| #define HAVE_ALLOCA 1
| #define HAVE_FCNTL_H 1
| #define HAVE_LIMITS_H 1
| #define HAVE_STDLIB_H 1
| #define HAVE_STRING_H 1
| #define HAVE_SYS_IOCTL_H 1
| #define HAVE_SYS_TIME_H 1
| #define HAVE_UNISTD_H 1
| #define TIME_WITH_SYS_TIME 1
| #define HAVE_STDLIB_H 1
| #define HAVE_MALLOC 1
| #define HAVE_STDLIB_H 1
| #define HAVE_UNISTD_H 1
| #define HAVE_GETPAGESIZE 1
| #define HAVE_SYS_SELECT_H 1
| #define HAVE_SYS_SOCKET_H 1
| #define SELECT_TYPE_ARG1 int
| #define SELECT_TYPE_ARG234 (fd_set *)
| #define SELECT_TYPE_ARG5 (struct timeval *)
| #define RETSIGTYPE void
| /* end confdefs.h.  */
| #include <stdio.h>
| #ifdef HAVE_SYS_TYPES_H
| # include <sys/types.h>
| #endif
| #ifdef HAVE_SYS_STAT_H
| # include <sys/stat.h>
| #endif
| #ifdef STDC_HEADERS
| # include <stdlib.h>
| # include <stddef.h>
| #else
| # ifdef HAVE_STDLIB_H
| #  include <stdlib.h>
| # endif
| #endif
| #ifdef HAVE_STRING_H
| # if !defined STDC_HEADERS && defined HAVE_MEMORY_H
| #  include <memory.h>
| # endif
| # include <string.h>
| #endif
| #ifdef HAVE_STRINGS_H
| # include <strings.h>
| #endif
| #ifdef HAVE_INTTYPES_H
| # include <inttypes.h>
| #endif
| #ifdef HAVE_STDINT_H
| # include <stdint.h>
| #endif
| #ifdef HAVE_UNISTD_H
| # include <unistd.h>
| #endif
| int
| main ()
| {
| struct stat sbuf;
|      /* Linux will dereference the symlink and fail.
| 	That is better in the sense that it means we will not
| 	have to compile and use the lstat wrapper.  */
|      return lstat ("conftest.sym/", &sbuf) == 0;
|   ;
|   return 0;
| }
configure:17790: result: no
configure:17809: checking whether stat accepts an empty string
configure:17839: /opt/buildroot-2012.08/arm920t/usr/bin/arm-linux-gcc -o conftest -DGCC_HASCLASSVISIBILITY -O2 -Wall -W   conftest.c -ldl  >&5
configure:17843: $? = 0
configure:17849: ./conftest
./configure: line 17851: ./conftest: cannot execute binary file
configure:17853: $? = 126
configure: program exited with status 126
configure: failed program was:
| /* confdefs.h.  */
| #define PACKAGE_NAME "tslib"
| #define PACKAGE_TARNAME "tslib"
| #define PACKAGE_VERSION "0.0.2"
| #define PACKAGE_STRING "tslib 0.0.2"
| #define PACKAGE_BUGREPORT "kergoth@handhelds.org"
| #define PACKAGE "tslib"
| #define VERSION "0.0.2"
| #define HAVE_SYS_TYPES_H 1
| #define HAVE_SYS_STAT_H 1
| #define HAVE_STDLIB_H 1
| #define HAVE_STRING_H 1
| #define HAVE_MEMORY_H 1
| #define HAVE_STRINGS_H 1
| #define HAVE_INTTYPES_H 1
| #define HAVE_STDINT_H 1
| #define HAVE_UNISTD_H 1
| #define HAVE_DLFCN_H 1
| #define LT_OBJDIR ".libs/"
| #define HAVE_LIBDL 1
| #define HAVE_ALLOCA_H 1
| #define HAVE_ALLOCA 1
| #define HAVE_FCNTL_H 1
| #define HAVE_LIMITS_H 1
| #define HAVE_STDLIB_H 1
| #define HAVE_STRING_H 1
| #define HAVE_SYS_IOCTL_H 1
| #define HAVE_SYS_TIME_H 1
| #define HAVE_UNISTD_H 1
| #define TIME_WITH_SYS_TIME 1
| #define HAVE_STDLIB_H 1
| #define HAVE_MALLOC 1
| #define HAVE_STDLIB_H 1
| #define HAVE_UNISTD_H 1
| #define HAVE_GETPAGESIZE 1
| #define HAVE_SYS_SELECT_H 1
| #define HAVE_SYS_SOCKET_H 1
| #define SELECT_TYPE_ARG1 int
| #define SELECT_TYPE_ARG234 (fd_set *)
| #define SELECT_TYPE_ARG5 (struct timeval *)
| #define RETSIGTYPE void
| /* end confdefs.h.  */
| #include <stdio.h>
| #ifdef HAVE_SYS_TYPES_H
| # include <sys/types.h>
| #endif
| #ifdef HAVE_SYS_STAT_H
| # include <sys/stat.h>
| #endif
| #ifdef STDC_HEADERS
| # include <stdlib.h>
| # include <stddef.h>
| #else
| # ifdef HAVE_STDLIB_H
| #  include <stdlib.h>
| # endif
| #endif
| #ifdef HAVE_STRING_H
| # if !defined STDC_HEADERS && defined HAVE_MEMORY_H
| #  include <memory.h>
| # endif
| # include <string.h>
| #endif
| #ifdef HAVE_STRINGS_H
| # include <strings.h>
| #endif
| #ifdef HAVE_INTTYPES_H
| # include <inttypes.h>
| #endif
| #ifdef HAVE_STDINT_H
| # include <stdint.h>
| #endif
| #ifdef HAVE_UNISTD_H
| # include <unistd.h>
| #endif
| int
| main ()
| {
| struct stat sbuf;
|   return stat ("", &sbuf) == 0;
|   ;
|   return 0;
| }
configure:17870: result: yes
configure:17890: checking for vprintf
configure:17946: /opt/buildroot-2012.08/arm920t/usr/bin/arm-linux-gcc -o conftest -DGCC_HASCLASSVISIBILITY -O2 -Wall -W   conftest.c -ldl  >&5
conftest.c:67:6: warning: conflicting types for built-in function 'vprintf'
configure:17953: $? = 0
configure:17975: result: yes
configure:17984: checking for _doprnt
configure:18040: /opt/buildroot-2012.08/arm920t/usr/bin/arm-linux-gcc -o conftest -DGCC_HASCLASSVISIBILITY -O2 -Wall -W   conftest.c -ldl  >&5
/tmp/ccFkcoqv.o: In function `main':
conftest.c:(.text+0x4): undefined reference to `_doprnt'
collect2: ld returned 1 exit status
configure:18047: $? = 1
configure: failed program was:
| /* confdefs.h.  */
| #define PACKAGE_NAME "tslib"
| #define PACKAGE_TARNAME "tslib"
| #define PACKAGE_VERSION "0.0.2"
| #define PACKAGE_STRING "tslib 0.0.2"
| #define PACKAGE_BUGREPORT "kergoth@handhelds.org"
| #define PACKAGE "tslib"
| #define VERSION "0.0.2"
| #define HAVE_SYS_TYPES_H 1
| #define HAVE_SYS_STAT_H 1
| #define HAVE_STDLIB_H 1
| #define HAVE_STRING_H 1
| #define HAVE_MEMORY_H 1
| #define HAVE_STRINGS_H 1
| #define HAVE_INTTYPES_H 1
| #define HAVE_STDINT_H 1
| #define HAVE_UNISTD_H 1
| #define HAVE_DLFCN_H 1
| #define LT_OBJDIR ".libs/"
| #define HAVE_LIBDL 1
| #define HAVE_ALLOCA_H 1
| #define HAVE_ALLOCA 1
| #define HAVE_FCNTL_H 1
| #define HAVE_LIMITS_H 1
| #define HAVE_STDLIB_H 1
| #define HAVE_STRING_H 1
| #define HAVE_SYS_IOCTL_H 1
| #define HAVE_SYS_TIME_H 1
| #define HAVE_UNISTD_H 1
| #define TIME_WITH_SYS_TIME 1
| #define HAVE_STDLIB_H 1
| #define HAVE_MALLOC 1
| #define HAVE_STDLIB_H 1
| #define HAVE_UNISTD_H 1
| #define HAVE_GETPAGESIZE 1
| #define HAVE_SYS_SELECT_H 1
| #define HAVE_SYS_SOCKET_H 1
| #define SELECT_TYPE_ARG1 int
| #define SELECT_TYPE_ARG234 (fd_set *)
| #define SELECT_TYPE_ARG5 (struct timeval *)
| #define RETSIGTYPE void
| #define HAVE_STAT_EMPTY_STRING_BUG 1
| #define HAVE_VPRINTF 1
| /* end confdefs.h.  */
| /* Define _doprnt to an innocuous variant, in case <limits.h> declares _doprnt.
|    For example, HP-UX 11i <limits.h> declares gettimeofday.  */
| #define _doprnt innocuous__doprnt
| 
| /* System header to define __stub macros and hopefully few prototypes,
|     which can conflict with char _doprnt (); below.
|     Prefer <limits.h> to <assert.h> if __STDC__ is defined, since
|     <limits.h> exists even on freestanding compilers.  */
| 
| #ifdef __STDC__
| # include <limits.h>
| #else
| # include <assert.h>
| #endif
| 
| #undef _doprnt
| 
| /* Override any GCC internal prototype to avoid an error.
|    Use char because int might match the return type of a GCC
|    builtin and then its argument prototype would still apply.  */
| #ifdef __cplusplus
| extern "C"
| #endif
| char _doprnt ();
| /* The GNU C library defines this for functions which it implements
|     to always fail with ENOSYS.  Some functions are actually named
|     something starting with __ and the normal name is an alias.  */
| #if defined __stub__doprnt || defined __stub____doprnt
| choke me
| #endif
| 
| int
| main ()
| {
| return _doprnt ();
|   ;
|   return 0;
| }
configure:18067: result: no
configure:18094: checking for bzero
configure:18150: /opt/buildroot-2012.08/arm920t/usr/bin/arm-linux-gcc -o conftest -DGCC_HASCLASSVISIBILITY -O2 -Wall -W   conftest.c -ldl  >&5
conftest.c:68:6: warning: conflicting types for built-in function 'bzero'
configure:18157: $? = 0
configure:18179: result: yes
configure:18094: checking for gettimeofday
configure:18150: /opt/buildroot-2012.08/arm920t/usr/bin/arm-linux-gcc -o conftest -DGCC_HASCLASSVISIBILITY -O2 -Wall -W   conftest.c -ldl  >&5
configure:18157: $? = 0
configure:18179: result: yes
configure:18094: checking for memmove
configure:18150: /opt/buildroot-2012.08/arm920t/usr/bin/arm-linux-gcc -o conftest -DGCC_HASCLASSVISIBILITY -O2 -Wall -W   conftest.c -ldl  >&5
conftest.c:70:6: warning: conflicting types for built-in function 'memmove'
configure:18157: $? = 0
configure:18179: result: yes
configure:18094: checking for memset
configure:18150: /opt/buildroot-2012.08/arm920t/usr/bin/arm-linux-gcc -o conftest -DGCC_HASCLASSVISIBILITY -O2 -Wall -W   conftest.c -ldl  >&5
conftest.c:71:6: warning: conflicting types for built-in function 'memset'
configure:18157: $? = 0
configure:18179: result: yes
configure:18094: checking for munmap
configure:18150: /opt/buildroot-2012.08/arm920t/usr/bin/arm-linux-gcc -o conftest -DGCC_HASCLASSVISIBILITY -O2 -Wall -W   conftest.c -ldl  >&5
configure:18157: $? = 0
configure:18179: result: yes
configure:18094: checking for select
configure:18150: /opt/buildroot-2012.08/arm920t/usr/bin/arm-linux-gcc -o conftest -DGCC_HASCLASSVISIBILITY -O2 -Wall -W   conftest.c -ldl  >&5
configure:18157: $? = 0
configure:18179: result: yes
configure:18094: checking for strcasecmp
configure:18150: /opt/buildroot-2012.08/arm920t/usr/bin/arm-linux-gcc -o conftest -DGCC_HASCLASSVISIBILITY -O2 -Wall -W   conftest.c -ldl  >&5
conftest.c:74:6: warning: conflicting types for built-in function 'strcasecmp'
configure:18157: $? = 0
configure:18179: result: yes
configure:18094: checking for strchr
configure:18150: /opt/buildroot-2012.08/arm920t/usr/bin/arm-linux-gcc -o conftest -DGCC_HASCLASSVISIBILITY -O2 -Wall -W   conftest.c -ldl  >&5
conftest.c:75:6: warning: conflicting types for built-in function 'strchr'
configure:18157: $? = 0
configure:18179: result: yes
configure:18094: checking for strdup
configure:18150: /opt/buildroot-2012.08/arm920t/usr/bin/arm-linux-gcc -o conftest -DGCC_HASCLASSVISIBILITY -O2 -Wall -W   conftest.c -ldl  >&5
conftest.c:76:6: warning: conflicting types for built-in function 'strdup'
configure:18157: $? = 0
configure:18179: result: yes
configure:18094: checking for strtoul
configure:18150: /opt/buildroot-2012.08/arm920t/usr/bin/arm-linux-gcc -o conftest -DGCC_HASCLASSVISIBILITY -O2 -Wall -W   conftest.c -ldl  >&5
configure:18157: $? = 0
configure:18179: result: yes
configure:18193: checking whether linear modules is requested
configure:18202: result: yes
configure:18213: checking whether dejitter module is requested
configure:18222: result: yes
configure:18233: checking whether linear-h2200 module is requested
configure:18242: result: yes
configure:18253: checking whether variance module is requested
configure:18262: result: yes
configure:18273: checking whether pthres module is requested
configure:18282: result: yes
configure:18295: checking whether ucb1x00 module is requested
configure:18304: result: yes
configure:18315: checking whether corgi module is requested
configure:18324: result: yes
configure:18335: checking whether collie module is requested
configure:18344: result: yes
configure:18356: checking whether h3600 module is requested
configure:18365: result: yes
configure:18376: checking whether mk712 module is requested
configure:18385: result: yes
configure:18396: checking whether arctic2 module is requested
configure:18405: result: yes
configure:18416: checking whether input module is requested
configure:18425: result: yes
configure:18436: checking where to place modules
configure:18446: result: ${libdir}/ts/
configure:18450: checking whether to enable debugging
configure:18459: result: no
configure:18708: creating ./config.status

## ---------------------- ##
## Running config.status. ##
## ---------------------- ##

This file was extended by tslib config.status 0.0.2, which was
generated by GNU Autoconf 2.63.  Invocation command line was

  CONFIG_FILES    = 
  CONFIG_HEADERS  = 
  CONFIG_LINKS    = 
  CONFIG_COMMANDS = 
  $ ./config.status 

on centos.localdomain

config.status:1118: creating Makefile
config.status:1118: creating etc/Makefile
config.status:1118: creating plugins/Makefile
config.status:1118: creating src/Makefile
config.status:1118: creating tests/Makefile
config.status:1118: creating tslib-0.0.pc
config.status:1118: creating config.h
config.status:1392: executing depfiles commands
config.status:1392: executing libtool commands

## ---------------- ##
## Cache variables. ##
## ---------------- ##

ac_cv_build=i686-pc-linux-gnu
ac_cv_c_compiler_gnu=yes
ac_cv_c_const=yes
ac_cv_c_inline=inline
ac_cv_cxx_compiler_gnu=yes
ac_cv_env_CCC_set=
ac_cv_env_CCC_value=
ac_cv_env_CC_set=set
ac_cv_env_CC_value=/opt/buildroot-2012.08/arm920t/usr/bin/arm-linux-gcc
ac_cv_env_CFLAGS_set=
ac_cv_env_CFLAGS_value=
ac_cv_env_CPPFLAGS_set=
ac_cv_env_CPPFLAGS_value=
ac_cv_env_CPP_set=
ac_cv_env_CPP_value=
ac_cv_env_CXXCPP_set=
ac_cv_env_CXXCPP_value=
ac_cv_env_CXXFLAGS_set=
ac_cv_env_CXXFLAGS_value=
ac_cv_env_CXX_set=
ac_cv_env_CXX_value=
ac_cv_env_LDFLAGS_set=
ac_cv_env_LDFLAGS_value=
ac_cv_env_LIBS_set=
ac_cv_env_LIBS_value=
ac_cv_env_build_alias_set=
ac_cv_env_build_alias_value=
ac_cv_env_host_alias_set=set
ac_cv_env_host_alias_value=arm-linux
ac_cv_env_target_alias_set=
ac_cv_env_target_alias_value=
ac_cv_func__doprnt=no
ac_cv_func_alloca_works=yes
ac_cv_func_bzero=yes
ac_cv_func_dlopen=no
ac_cv_func_getpagesize=yes
ac_cv_func_gettimeofday=yes
ac_cv_func_lstat_dereferences_slashed_symlink=no
ac_cv_func_malloc_0_nonnull=yes
ac_cv_func_memmove=yes
ac_cv_func_memset=yes
ac_cv_func_mmap_fixed_mapped=no
ac_cv_func_munmap=yes
ac_cv_func_select=yes
ac_cv_func_select_args='int,fd_set *,struct timeval *'
ac_cv_func_shl_load=no
ac_cv_func_stat_empty_string_bug=yes
ac_cv_func_strcasecmp=yes
ac_cv_func_strchr=yes
ac_cv_func_strdup=yes
ac_cv_func_strtoul=yes
ac_cv_func_vprintf=yes
ac_cv_header_dlfcn_h=yes
ac_cv_header_fcntl_h=yes
ac_cv_header_inttypes_h=yes
ac_cv_header_limits_h=yes
ac_cv_header_memory_h=yes
ac_cv_header_stdc=no
ac_cv_header_stdint_h=yes
ac_cv_header_stdlib_h=yes
ac_cv_header_string_h=yes
ac_cv_header_strings_h=yes
ac_cv_header_sys_ioctl_h=yes
ac_cv_header_sys_select_h=yes
ac_cv_header_sys_socket_h=yes
ac_cv_header_sys_stat_h=yes
ac_cv_header_sys_time_h=yes
ac_cv_header_sys_types_h=yes
ac_cv_header_time=yes
ac_cv_header_unistd_h=yes
ac_cv_host=arm-unknown-linux-gnu
ac_cv_lib_dl_dlopen=yes
ac_cv_lib_dld_shl_load=no
ac_cv_objext=o
ac_cv_path_EGREP='/bin/grep -E'
ac_cv_path_FGREP='/bin/grep -F'
ac_cv_path_GREP=/bin/grep
ac_cv_path_SED=/bin/sed
ac_cv_path_install='/usr/bin/install -c'
ac_cv_path_mkdir=/bin/mkdir
ac_cv_prog_AWK=gawk
ac_cv_prog_CC=/opt/buildroot-2012.08/arm920t/usr/bin/arm-linux-gcc
ac_cv_prog_CPP='/opt/buildroot-2012.08/arm920t/usr/bin/arm-linux-gcc -E'
ac_cv_prog_CXXCPP='g++ -E'
ac_cv_prog_STRIP=strip
ac_cv_prog_ac_ct_AR=ar
ac_cv_prog_ac_ct_CXX=g++
ac_cv_prog_ac_ct_DUMPBIN='link -dump -symbols'
ac_cv_prog_ac_ct_OBJDUMP=objdump
ac_cv_prog_ac_ct_RANLIB=ranlib
ac_cv_prog_ac_ct_STRIP=strip
ac_cv_prog_cc_c89=
ac_cv_prog_cc_g=yes
ac_cv_prog_cxx_g=yes
ac_cv_prog_gcc_traditional=no
ac_cv_prog_make_make_set=yes
ac_cv_type_signal=void
ac_cv_type_size_t=yes
ac_cv_working_alloca_h=yes
am_cv_CC_dependencies_compiler_type=gcc3
am_cv_CXX_dependencies_compiler_type=gcc3
bb_cv_cc_supports_hidden_visibility=yes
lt_cv_deplibs_check_method=pass_all
lt_cv_dlopen=dlopen
lt_cv_dlopen_libs=-ldl
lt_cv_dlopen_self=no
lt_cv_file_magic_cmd='$MAGIC_CMD'
lt_cv_file_magic_test_file=
lt_cv_ld_reload_flag=-r
lt_cv_nm_interface='BSD nm'
lt_cv_objdir=.libs
lt_cv_path_LD=/opt/buildroot-2012.08/arm920t/usr/arm-unknown-linux-uclibcgnueabi/bin/ld
lt_cv_path_LDCXX=/opt/buildroot-2012.08/arm920t/usr/arm-unknown-linux-uclibcgnueabi/bin/ld
lt_cv_path_NM=no
lt_cv_prog_compiler_c_o=yes
lt_cv_prog_compiler_c_o_CXX=yes
lt_cv_prog_compiler_pic_works=yes
lt_cv_prog_compiler_pic_works_CXX=yes
lt_cv_prog_compiler_rtti_exceptions=no
lt_cv_prog_compiler_static_works=yes
lt_cv_prog_compiler_static_works_CXX=yes
lt_cv_prog_gnu_ld=yes
lt_cv_prog_gnu_ldcxx=yes
lt_cv_sys_global_symbol_pipe=
lt_cv_sys_global_symbol_to_c_name_address='sed -n -e '\''s/^: \([^ ]*\) $/  {\"\1\", (void *) 0},/p'\'' -e '\''s/^[BCDEGRST]* \([^ ]*\) \([^ ]*\)$/  {"\2", (void *) \&\2},/p'\'''
lt_cv_sys_global_symbol_to_c_name_address_lib_prefix='sed -n -e '\''s/^: \([^ ]*\) $/  {\"\1\", (void *) 0},/p'\'' -e '\''s/^[BCDEGRST]* \([^ ]*\) \(lib[^ ]*\)$/  {"\2", (void *) \&\2},/p'\'' -e '\''s/^[BCDEGRST]* \([^ ]*\) \([^ ]*\)$/  {"lib\2", (void *) \&\2},/p'\'''
lt_cv_sys_global_symbol_to_cdecl=
lt_cv_sys_max_cmd_len=1966080

## ----------------- ##
## Output variables. ##
## ----------------- ##

ACLOCAL='${SHELL} /home/tangyanjun/qudong/LCD/tslib/missing --run aclocal-1.11'
ALLOCA=''
AMDEPBACKSLASH='\'
AMDEP_FALSE='#'
AMDEP_TRUE=''
AMTAR='${SHELL} /home/tangyanjun/qudong/LCD/tslib/missing --run tar'
AR='ar'
AUTOCONF='${SHELL} /home/tangyanjun/qudong/LCD/tslib/missing --run autoconf'
AUTOHEADER='${SHELL} /home/tangyanjun/qudong/LCD/tslib/missing --run autoheader'
AUTOMAKE='${SHELL} /home/tangyanjun/qudong/LCD/tslib/missing --run automake-1.11'
AWK='gawk'
CC='/opt/buildroot-2012.08/arm920t/usr/bin/arm-linux-gcc'
CCDEPMODE='depmode=gcc3'
CFLAGS='-DGCC_HASCLASSVISIBILITY -O2 -Wall -W'
CPP='/opt/buildroot-2012.08/arm920t/usr/bin/arm-linux-gcc -E'
CPPFLAGS=''
CXX='g++'
CXXCPP='g++ -E'
CXXDEPMODE='depmode=gcc3'
CXXFLAGS='-g -O2'
CYGPATH_W='echo'
DEBUGFLAGS=''
DEFS='-DHAVE_CONFIG_H'
DEPDIR='.deps'
DSYMUTIL=''
DUMPBIN='link -dump -symbols'
ECHO_C=''
ECHO_N='-n'
ECHO_T=''
EGREP='/bin/grep -E'
ENABLE_ARCTIC2_MODULE_FALSE='#'
ENABLE_ARCTIC2_MODULE_TRUE=''
ENABLE_COLLIE_MODULE_FALSE='#'
ENABLE_COLLIE_MODULE_TRUE=''
ENABLE_CORGI_MODULE_FALSE='#'
ENABLE_CORGI_MODULE_TRUE=''
ENABLE_DEJITTER_MODULE_FALSE='#'
ENABLE_DEJITTER_MODULE_TRUE=''
ENABLE_H2200_LINEAR_MODULE_FALSE='#'
ENABLE_H2200_LINEAR_MODULE_TRUE=''
ENABLE_H3600_MODULE_FALSE='#'
ENABLE_H3600_MODULE_TRUE=''
ENABLE_INPUT_MODULE_FALSE='#'
ENABLE_INPUT_MODULE_TRUE=''
ENABLE_LINEAR_MODULE_FALSE='#'
ENABLE_LINEAR_MODULE_TRUE=''
ENABLE_MK712_MODULE_FALSE='#'
ENABLE_MK712_MODULE_TRUE=''
ENABLE_PTHRES_MODULE_FALSE='#'
ENABLE_PTHRES_MODULE_TRUE=''
ENABLE_UCB1X00_MODULE_FALSE='#'
ENABLE_UCB1X00_MODULE_TRUE=''
ENABLE_VARIANCE_MODULE_FALSE='#'
ENABLE_VARIANCE_MODULE_TRUE=''
EXEEXT=''
FGREP='/bin/grep -F'
GREP='/bin/grep'
INSTALL_DATA='${INSTALL} -m 644'
INSTALL_PROGRAM='${INSTALL}'
INSTALL_SCRIPT='${INSTALL}'
INSTALL_STRIP_PROGRAM='$(install_sh) -c -s'
LD='/opt/buildroot-2012.08/arm920t/usr/arm-unknown-linux-uclibcgnueabi/bin/ld'
LDFLAGS=''
LIBFLAGS='-DTSLIB_INTERNAL'
LIBOBJS=' ${LIBOBJDIR}lstat$U.o ${LIBOBJDIR}stat$U.o'
LIBS='-ldl '
LIBTOOL='$(SHELL) $(top_builddir)/libtool'
LIPO=''
LN_S='ln -s'
LTLIBOBJS=' ${LIBOBJDIR}lstat$U.lo ${LIBOBJDIR}stat$U.lo'
LT_AGE='1'
LT_CURRENT='1'
LT_RELEASE='0.0'
LT_REVISION='1'
MAKEINFO='${SHELL} /home/tangyanjun/qudong/LCD/tslib/missing --run makeinfo'
MKDIR_P='/bin/mkdir -p'
NM='link -dump -symbols'
NMEDIT=''
OBJDUMP='objdump'
OBJEXT='o'
OTOOL64=''
OTOOL=''
PACKAGE='tslib'
PACKAGE_BUGREPORT='kergoth@handhelds.org'
PACKAGE_DESCRIPTION='Touchscreen Access Library'
PACKAGE_NAME='tslib'
PACKAGE_STRING='tslib 0.0.2'
PACKAGE_TARNAME='tslib'
PACKAGE_VERSION='0.0.2'
PATH_SEPARATOR=':'
PLUGIN_DIR='${libdir}/ts/'
RANLIB='ranlib'
SED='/bin/sed'
SET_MAKE=''
SHELL='/bin/sh'
STRIP='strip'
TS_CONF='${sysconfdir}/ts.conf'
VERSION='0.0.2'
VIS_CFLAGS='-fvisibility=hidden'
ac_ct_CC=''
ac_ct_CXX='g++'
ac_ct_DUMPBIN='link -dump -symbols'
am__EXEEXT_FALSE=''
am__EXEEXT_TRUE='#'
am__fastdepCC_FALSE='#'
am__fastdepCC_TRUE=''
am__fastdepCXX_FALSE='#'
am__fastdepCXX_TRUE=''
am__include='include'
am__isrc=''
am__leading_dot='.'
am__quote=''
am__tar='${AMTAR} chof - "$$tardir"'
am__untar='${AMTAR} xf -'
bindir='${exec_prefix}/bin'
build='i686-pc-linux-gnu'
build_alias=''
build_cpu='i686'
build_os='linux-gnu'
build_vendor='pc'
datadir='${datarootdir}'
datarootdir='${prefix}/share'
docdir='${datarootdir}/doc/${PACKAGE_TARNAME}'
dvidir='${docdir}'
exec_prefix='${prefix}'
host='arm-unknown-linux-gnu'
host_alias='arm-linux'
host_cpu='arm'
host_os='linux-gnu'
host_vendor='unknown'
htmldir='${docdir}'
includedir='${prefix}/include'
infodir='${datarootdir}/info'
install_sh='${SHELL} /home/tangyanjun/qudong/LCD/tslib/install-sh'
libdir='${exec_prefix}/lib'
libexecdir='${exec_prefix}/libexec'
localedir='${datarootdir}/locale'
localstatedir='${prefix}/var'
lt_ECHO='echo'
mandir='${datarootdir}/man'
mkdir_p='/bin/mkdir -p'
oldincludedir='/usr/include'
pdfdir='${docdir}'
prefix='/usr/local/arm/tslib'
program_transform_name='s,x,x,'
psdir='${docdir}'
sbindir='${exec_prefix}/sbin'
sharedstatedir='${prefix}/com'
sysconfdir='${prefix}/etc'
target_alias=''

## ----------- ##
## confdefs.h. ##
## ----------- ##

#define PACKAGE_NAME "tslib"
#define PACKAGE_TARNAME "tslib"
#define PACKAGE_VERSION "0.0.2"
#define PACKAGE_STRING "tslib 0.0.2"
#define PACKAGE_BUGREPORT "kergoth@handhelds.org"
#define PACKAGE "tslib"
#define VERSION "0.0.2"
#define HAVE_SYS_TYPES_H 1
#define HAVE_SYS_STAT_H 1
#define HAVE_STDLIB_H 1
#define HAVE_STRING_H 1
#define HAVE_MEMORY_H 1
#define HAVE_STRINGS_H 1
#define HAVE_INTTYPES_H 1
#define HAVE_STDINT_H 1
#define HAVE_UNISTD_H 1
#define HAVE_DLFCN_H 1
#define LT_OBJDIR ".libs/"
#define HAVE_LIBDL 1
#define HAVE_ALLOCA_H 1
#define HAVE_ALLOCA 1
#define HAVE_FCNTL_H 1
#define HAVE_LIMITS_H 1
#define HAVE_STDLIB_H 1
#define HAVE_STRING_H 1
#define HAVE_SYS_IOCTL_H 1
#define HAVE_SYS_TIME_H 1
#define HAVE_UNISTD_H 1
#define TIME_WITH_SYS_TIME 1
#define HAVE_STDLIB_H 1
#define HAVE_MALLOC 1
#define HAVE_STDLIB_H 1
#define HAVE_UNISTD_H 1
#define HAVE_GETPAGESIZE 1
#define HAVE_SYS_SELECT_H 1
#define HAVE_SYS_SOCKET_H 1
#define SELECT_TYPE_ARG1 int
#define SELECT_TYPE_ARG234 (fd_set *)
#define SELECT_TYPE_ARG5 (struct timeval *)
#define RETSIGTYPE void
#define HAVE_STAT_EMPTY_STRING_BUG 1
#define HAVE_VPRINTF 1
#define HAVE_BZERO 1
#define HAVE_GETTIMEOFDAY 1
#define HAVE_MEMMOVE 1
#define HAVE_MEMSET 1
#define HAVE_MUNMAP 1
#define HAVE_SELECT 1
#define HAVE_STRCASECMP 1
#define HAVE_STRCHR 1
#define HAVE_STRDUP 1
#define HAVE_STRTOUL 1

configure: exit 0
