--------------------
./configure --host=arm-linux ac_cv_func_malloc_0_nonnull=yes --prefix=/home/tangyanjun/qudong/LCD/bit/gsnap/zlib-1.2.11 CC=/opt/buildroot-2012.08/arm920t/usr/bin/arm-linux-gcc
Tue May  2 14:19:08 EDT 2017
unknown option: --host=arm-linux
./configure --help for help
** ./configure aborting.
--------------------


--------------------
./configure --host=arm-linux ac_cv_func_malloc_0_nonnull=yes --prefix=/home/tangyanjun/qudong/LCD/bit/gsnap/zlib-1.2.11 CC=/opt/buildroot-2012.08/arm920t/usr/bin/arm-linux-gcc
Tue May  2 14:19:29 EDT 2017
unknown option: --host=arm-linux
./configure --help for help
** ./configure aborting.
--------------------


--------------------
./configure --host=arm-linux ac_cv_func_malloc_0_nonnull=yes --prefix=/home/tangyanjun/qudong/LCD/bit/gsnap/zlib-1.2.11 CC=/opt/buildroot-2012.08/arm920t/usr/bin/arm-linux-gcc
Tue May  2 14:20:25 EDT 2017
unknown option: --host=arm-linux
./configure --help for help
** ./configure aborting.
--------------------


--------------------
./configure
Tue May  2 14:20:41 EDT 2017
Checking for gcc...
=== ztest5630.c ===
extern int getchar();
int hello() {return getchar();}
===
gcc -c ztest5630.c
... using gcc

Checking for obsessive-compulsive compiler options...
=== ztest5630.c ===
int foo() { return 0; }
===
gcc -c -O3 ztest5630.c

Checking for shared library support...
=== ztest5630.c ===
extern int getchar();
int hello() {return getchar();}
===
gcc -w -c -O3 -fPIC ztest5630.c
gcc -shared -Wl,-soname,libz.so.1,--version-script,zlib.map -O3 -fPIC -o ztest5630.so ztest5630.o
Building shared library libz.so.1.2.11 with gcc.

=== ztest5630.c ===
#include <stdio.h>
#include <stdlib.h>
size_t dummy = 0;
===
gcc -c -O3 ztest5630.c
Checking for size_t... Yes.


=== ztest5630.c ===
#include <sys/types.h>
off64_t dummy = 0;
===
gcc -c -O3 -D_LARGEFILE64_SOURCE=1 ztest5630.c
Checking for off64_t... Yes.
Checking for fseeko... Yes.

=== ztest5630.c ===
#include <string.h>
#include <errno.h>
int main() { return strlen(strerror(errno)); }
===
gcc -O3 -D_LARGEFILE64_SOURCE=1 -o ztest5630 ztest5630.c
Checking for strerror... Yes.

=== ztest5630.c ===
#include <unistd.h>
int main() { return 0; }
===
gcc -c -O3 -D_LARGEFILE64_SOURCE=1 ztest5630.c
Checking for unistd.h... Yes.

=== ztest5630.c ===
#include <stdarg.h>
int main() { return 0; }
===
gcc -c -O3 -D_LARGEFILE64_SOURCE=1 ztest5630.c
Checking for stdarg.h... Yes.

=== ztest5630.c ===
#include <stdio.h>
#include <stdarg.h>
#include "zconf.h"
int main()
{
#ifndef STDC
  choke me
#endif
  return 0;
}
===
gcc -c -O3 -D_LARGEFILE64_SOURCE=1 ztest5630.c
Checking whether to use vs[n]printf() or s[n]printf()... using vs[n]printf().

=== ztest5630.c ===
#include <stdio.h>
#include <stdarg.h>
int mytest(const char *fmt, ...)
{
  char buf[20];
  va_list ap;
  va_start(ap, fmt);
  vsnprintf(buf, sizeof(buf), fmt, ap);
  va_end(ap);
  return 0;
}
int main()
{
  return (mytest("Hello%d\n", 1));
}
===
gcc -O3 -D_LARGEFILE64_SOURCE=1 -o ztest5630 ztest5630.c
Checking for vsnprintf() in stdio.h... Yes.

=== ztest5630.c ===
#include <stdio.h>
#include <stdarg.h>
int mytest(const char *fmt, ...)
{
  int n;
  char buf[20];
  va_list ap;
  va_start(ap, fmt);
  n = vsnprintf(buf, sizeof(buf), fmt, ap);
  va_end(ap);
  return n;
}
int main()
{
  return (mytest("Hello%d\n", 1));
}
===
gcc -c -O3 -D_LARGEFILE64_SOURCE=1 ztest5630.c
Checking for return value of vsnprintf()... Yes.

=== ztest5630.c ===
#define ZLIB_INTERNAL __attribute__((visibility ("hidden")))
int ZLIB_INTERNAL foo;
int main()
{
  return 0;
}
===
gcc -c -O3 -D_LARGEFILE64_SOURCE=1 ztest5630.c
Checking for attribute(visibility) support... Yes.

ALL = static shared all64
AR = ar
ARFLAGS = rc
CC = gcc
CFLAGS = -O3 -D_LARGEFILE64_SOURCE=1 -DHAVE_HIDDEN
CPP = gcc -E
EXE =
LDCONFIG = ldconfig
LDFLAGS =
LDSHARED = gcc -shared -Wl,-soname,libz.so.1,--version-script,zlib.map
LDSHAREDLIBC = -lc
OBJC = $(OBJZ) $(OBJG)
PIC_OBJC = $(PIC_OBJZ) $(PIC_OBJG)
RANLIB = ranlib
SFLAGS = -O3 -fPIC -D_LARGEFILE64_SOURCE=1 -DHAVE_HIDDEN
SHAREDLIB = libz.so
SHAREDLIBM = libz.so.1
SHAREDLIBV = libz.so.1.2.11
STATICLIB = libz.a
TEST = all teststatic testshared test64
VER = 1.2.11
Z_U4 =
SRCDIR =
exec_prefix = ${prefix}
includedir = ${prefix}/include
libdir = ${exec_prefix}/lib
mandir = ${prefix}/share/man
prefix = /usr/local
sharedlibdir = ${libdir}
uname = Linux
--------------------


