This file contains any messages produced by compilers while
running configure, to aid debugging if configure makes a mistake.

It was created by libnl configure 1.1, which was
generated by GNU Autoconf 2.61.  Invocation command line was

  $ ./configure --prefix=/home/tangyanjun/WIFI/route/libnl-1.1/install --host=arm-linux

## --------- ##
## Platform. ##
## --------- ##

hostname = VM_216_80_centos
uname -m = x86_64
uname -r = 2.6.32-642.6.2.el6.x86_64
uname -s = Linux
uname -v = #1 SMP Wed Oct 26 06:52:09 UTC 2016

/usr/bin/uname -p = unknown
/bin/uname -X     = unknown

/bin/arch              = x86_64
/usr/bin/arch -k       = unknown
/usr/convex/getsysinfo = unknown
/usr/bin/hostinfo      = unknown
/bin/machine           = unknown
/usr/bin/oslevel       = unknown
/bin/universe          = unknown

PATH: .
PATH: /usr/local/bin
PATH: /bin
PATH: /usr/bin
PATH: /usr/local/sbin
PATH: /usr/sbin
PATH: /sbin
PATH: /opt/buildroot-2012.08/arm920t/usr/bin
PATH: /home/tangyanjun/bin


## ----------- ##
## Core tests. ##
## ----------- ##

configure:1667: checking for arm-linux-gcc
configure:1683: found /opt/buildroot-2012.08/arm920t/usr/bin/arm-linux-gcc
configure:1694: result: arm-linux-gcc
configure:1972: checking for C compiler version
configure:1979: arm-linux-gcc --version >&5
arm-linux-gcc (Buildroot 2012.08) 4.5.4
Copyright (C) 2010 Free Software Foundation, Inc.
This is free software; see the source for copying conditions.  There is NO
warranty; not even for MERCHANTABILITY or FITNESS FOR A PARTICULAR PURPOSE.

configure:1982: $? = 0
configure:1989: arm-linux-gcc -v >&5
Using built-in specs.
COLLECT_GCC=arm-linux-gcc
COLLECT_LTO_WRAPPER=/opt/buildroot-2012.08/arm920t/usr/libexec/gcc/arm-unknown-linux-uclibcgnueabi/4.5.4/lto-wrapper
Target: arm-unknown-linux-uclibcgnueabi
Configured with: /opt/buildroot-2012.08/output/toolchain/gcc-4.5.4/configure --prefix=/opt/buildroot-2012.08/arm920t/usr --build=x86_64-unknown-linux-gnu --host=x86_64-unknown-linux-gnu --target=arm-unknown-linux-uclibcgnueabi --enable-languages=c,c++ --with-sysroot=/opt/buildroot-2012.08/arm920t/usr/arm-unknown-linux-uclibcgnueabi/sysroot --with-build-time-tools=/opt/buildroot-2012.08/arm920t/usr/arm-unknown-linux-uclibcgnueabi/bin --disable-__cxa_atexit --enable-target-optspace --disable-libgomp --with-gnu-ld --disable-libssp --disable-multilib --enable-tls --enable-shared --with-gmp=/opt/buildroot-2012.08/arm920t/usr --with-mpfr=/opt/buildroot-2012.08/arm920t/usr --with-mpc=/opt/buildroot-2012.08/arm920t/usr --disable-nls --enable-threads --disable-decimal-float --with-float=soft --with-abi=aapcs-linux --with-arch=armv4t --with-tune=arm920t --with-pkgversion='Buildroot 2012.08' --with-bugurl=http://bugs.buildroot.net/
Thread model: posix
gcc version 4.5.4 (Buildroot 2012.08) 
configure:1992: $? = 0
configure:1999: arm-linux-gcc -V >&5
arm-linux-gcc: '-V' option must have argument
configure:2002: $? = 1
configure:2025: checking for C compiler default output file name
configure:2052: arm-linux-gcc    conftest.c  >&5
configure:2055: $? = 0
configure:2093: result: a.out
configure:2110: checking whether the C compiler works
configure:2120: ./a.out
./configure: line 2121: ./a.out: cannot execute binary file
configure:2123: $? = 126
configure:2140: result: yes
configure:2147: checking whether we are cross compiling
configure:2149: result: yes
configure:2152: checking for suffix of executables
configure:2159: arm-linux-gcc -o conftest    conftest.c  >&5
configure:2162: $? = 0
configure:2186: result: 
configure:2192: checking for suffix of object files
configure:2218: arm-linux-gcc -c   conftest.c >&5
configure:2221: $? = 0
configure:2244: result: o
configure:2248: checking whether we are using the GNU C compiler
configure:2277: arm-linux-gcc -c   conftest.c >&5
configure:2283: $? = 0
configure:2300: result: yes
configure:2305: checking whether arm-linux-gcc accepts -g
configure:2335: arm-linux-gcc -c -g  conftest.c >&5
configure:2341: $? = 0
configure:2440: result: yes
configure:2457: checking for arm-linux-gcc option to accept ISO C89
configure:2531: arm-linux-gcc  -c -g -O2  conftest.c >&5
configure:2537: $? = 0
configure:2560: result: none needed
configure:2622: checking for a BSD-compatible install
configure:2678: result: /usr/bin/install -c
configure:2691: checking for an ANSI C-conforming const
configure:2766: arm-linux-gcc -c -g -O2  conftest.c >&5
configure:2772: $? = 0
configure:2787: result: yes
configure:2797: checking for inline
configure:2823: arm-linux-gcc -c -g -O2  conftest.c >&5
configure:2829: $? = 0
configure:2847: result: inline
configure:2873: checking for pow in -lm
configure:2908: arm-linux-gcc -o conftest -g -O2   conftest.c -lm   >&5
conftest.c:15:6: warning: conflicting types for built-in function 'pow'
configure:2914: $? = 0
configure:2932: result: yes
configure:3080: creating ./config.status

## ---------------------- ##
## Running config.status. ##
## ---------------------- ##

This file was extended by libnl config.status 1.1, which was
generated by GNU Autoconf 2.61.  Invocation command line was

  CONFIG_FILES    = 
  CONFIG_HEADERS  = 
  CONFIG_LINKS    = 
  CONFIG_COMMANDS = 
  $ ./config.status 

on VM_216_80_centos

config.status:595: creating Makefile.opts
config.status:730: WARNING:  Makefile.opts.in seems to ignore the --datarootdir setting
config.status:595: creating libnl-1.pc
config.status:595: creating doc/Doxyfile
config.status:595: creating lib/defs.h
config.status:803: lib/defs.h is unchanged

## ---------------- ##
## Cache variables. ##
## ---------------- ##

ac_cv_c_compiler_gnu=yes
ac_cv_c_const=yes
ac_cv_c_inline=inline
ac_cv_env_CC_set=
ac_cv_env_CC_value=
ac_cv_env_CFLAGS_set=
ac_cv_env_CFLAGS_value=
ac_cv_env_CPPFLAGS_set=
ac_cv_env_CPPFLAGS_value=
ac_cv_env_LDFLAGS_set=
ac_cv_env_LDFLAGS_value=
ac_cv_env_LIBS_set=
ac_cv_env_LIBS_value=
ac_cv_env_build_alias_set=
ac_cv_env_build_alias_value=
ac_cv_env_host_alias_set=set
ac_cv_env_host_alias_value=arm-linux
ac_cv_env_target_alias_set=
ac_cv_env_target_alias_value=
ac_cv_lib_m_pow=yes
ac_cv_objext=o
ac_cv_path_install='/usr/bin/install -c'
ac_cv_prog_CC=arm-linux-gcc
ac_cv_prog_cc_c89=
ac_cv_prog_cc_g=yes

## ----------------- ##
## Output variables. ##
## ----------------- ##

CC='arm-linux-gcc'
CFLAGS='-g -O2'
CPPFLAGS=''
DEFS='-DHAVE_CONFIG_H'
ECHO_C=''
ECHO_N='-n'
ECHO_T=''
EXEEXT=''
INSTALL_DATA='${INSTALL} -m 644'
INSTALL_PROGRAM='${INSTALL}'
INSTALL_SCRIPT='${INSTALL}'
LDFLAGS=''
LIBNL_LIB='-lm'
LIBOBJS=''
LIBS=''
LTLIBOBJS=''
OBJEXT='o'
PACKAGE_BUGREPORT='tgraf@suug.ch'
PACKAGE_NAME='libnl'
PACKAGE_STRING='libnl 1.1'
PACKAGE_TARNAME='libnl'
PACKAGE_VERSION='1.1'
PATH_SEPARATOR=':'
SHELL='/bin/sh'
ac_ct_CC=''
bindir='${exec_prefix}/bin'
build_alias=''
datadir='${datarootdir}'
datarootdir='${prefix}/share'
docdir='${datarootdir}/doc/${PACKAGE_TARNAME}'
dvidir='${docdir}'
exec_prefix='${prefix}'
host_alias='arm-linux'
htmldir='${docdir}'
includedir='${prefix}/include'
infodir='${datarootdir}/info'
libdir='${exec_prefix}/lib'
libexecdir='${exec_prefix}/libexec'
localedir='${datarootdir}/locale'
localstatedir='${prefix}/var'
mandir='${datarootdir}/man'
oldincludedir='/usr/include'
pdfdir='${docdir}'
prefix='/home/tangyanjun/WIFI/route/libnl-1.1/install'
program_transform_name='s,x,x,'
psdir='${docdir}'
sbindir='${exec_prefix}/sbin'
sharedstatedir='${prefix}/com'
sysconfdir='${prefix}/etc'
target_alias=''

## ----------- ##
## confdefs.h. ##
## ----------- ##

#define PACKAGE_NAME "libnl"
#define PACKAGE_TARNAME "libnl"
#define PACKAGE_VERSION "1.1"
#define PACKAGE_STRING "libnl 1.1"
#define PACKAGE_BUGREPORT "tgraf@suug.ch"

configure: exit 0
